20230620	13:13:06	607c4a08-bee6-4acd-aaa7-fc21f2488e80	Error: ENOENT: no such file or directory, stat '/Users/jordannakamoto/Documents/Programming/SpringProjects/VisualDegree/views/404.html'	GET	/favicon.ico	undefined
20230628	05:33:51	b5969928-6d8b-4fa6-965c-baa51a645e3c	Error: ENOENT: no such file or directory, stat 'C:\Users\harri\Desktop\VisualDegree\views\404.html'	GET	/favicon.ico	undefined
20230628	05:36:35	90fbe3bf-8ca7-4d89-9ef5-d30e068a8e81	Error: ENOENT: no such file or directory, stat 'C:\Users\harri\Desktop\VisualDegree\views\404.html'	GET	/Courses	undefined
20230628	21:27:43	a10182dc-e16d-42ef-95ae-dc7c78ad3d58	Error: ENOENT: no such file or directory, stat 'C:\Users\harri\Desktop\VisualDegree\views\404.html'	GET	/api/degrees	undefined
20230629	01:35:50	0130393f-d869-4839-abd5-4a7bbd1f4070	Error: ENOENT: no such file or directory, stat '/Users/jordannakamoto/Documents/Programming/SpringProjects/VisualDegree/views/404.html'	GET	/favicon.ico	undefined
20230629	01:52:03	23121bf9-a593-499f-8ffc-881c6528c489	Error: ENOENT: no such file or directory, stat '/Users/jordannakamoto/Documents/Programming/SpringProjects/VisualDegree/views/404.html'	GET	/api/programs/test	undefined
20230629	01:52:17	f1d56c5e-3e37-46ad-9e71-025125346004	Error: ENOENT: no such file or directory, stat '/Users/jordannakamoto/Documents/Programming/SpringProjects/VisualDegree/views/404.html'	GET	/api/programs/test	undefined
20230629	01:56:06	f4323ff9-c1de-4b96-bf10-698382cdfb61	Error: ENOENT: no such file or directory, stat '/Users/jordannakamoto/Documents/Programming/SpringProjects/VisualDegree/views/404.html'	GET	/webapp/api/api	undefined
20230629	01:58:23	9b0fddbd-abd5-49ba-8d1b-92c99ec746a2	Error: ENOENT: no such file or directory, stat '/Users/jordannakamoto/Documents/Programming/SpringProjects/VisualDegree/views/404.html'	GET	/api/products	undefined
20230629	01:58:45	392b4033-435e-4cea-8055-561bdbbb0f0e	Error: ENOENT: no such file or directory, stat '/Users/jordannakamoto/Documents/Programming/SpringProjects/VisualDegree/views/404.html'	GET	/api/products/api/products	undefined
20230629	01:58:46	0359755c-820f-442c-9062-aeefe908769e	Error: ENOENT: no such file or directory, stat '/Users/jordannakamoto/Documents/Programming/SpringProjects/VisualDegree/views/404.html'	GET	/api/products/api/products	undefined
20230629	01:58:48	d87e2da8-eebc-42ed-8a63-c61744085a29	Error: ENOENT: no such file or directory, stat '/Users/jordannakamoto/Documents/Programming/SpringProjects/VisualDegree/views/404.html'	GET	/api/products/api/products	undefined
20230629	01:58:53	00ebc0d7-4f4e-46c7-8aa3-82027478fc9e	Error: ENOENT: no such file or directory, stat '/Users/jordannakamoto/Documents/Programming/SpringProjects/VisualDegree/views/404.html'	GET	/api/products	undefined
20230629	01:58:53	bfc2844f-f943-450f-ac41-784f8545f477	Error: ENOENT: no such file or directory, stat '/Users/jordannakamoto/Documents/Programming/SpringProjects/VisualDegree/views/404.html'	GET	/favicon.ico	undefined
20230629	01:59:14	dc7a4c06-6661-4009-ad7f-d92466bde97c	Error: ENOENT: no such file or directory, stat '/Users/jordannakamoto/Documents/Programming/SpringProjects/VisualDegree/views/404.html'	GET	/api/programs/api/programs	undefined
20230629	01:59:15	f3904ff0-5ef0-4b5f-93f8-16d8f7a5a927	Error: ENOENT: no such file or directory, stat '/Users/jordannakamoto/Documents/Programming/SpringProjects/VisualDegree/views/404.html'	GET	/api/programs/api/programs	undefined
20230629	01:59:25	8793aed9-e902-446f-a1bf-01452974cc15	Error: ENOENT: no such file or directory, stat '/Users/jordannakamoto/Documents/Programming/SpringProjects/VisualDegree/views/404.html'	GET	/api/programs/api/programs	undefined
20230629	01:59:54	e268c29c-7eb8-4c71-99f3-f1c8e2ab6e98	Error: ENOENT: no such file or directory, stat '/Users/jordannakamoto/Documents/Programming/SpringProjects/VisualDegree/views/404.html'	GET	/api/programs/api/programs	undefined
20230629	02:01:59	f6446dca-c751-4029-97af-8f702b3385da	Error: ENOENT: no such file or directory, stat '/Users/jordannakamoto/Documents/Programming/SpringProjects/VisualDegree/views/404.html'	GET	/api/api/programs	undefined
20230629	02:02:01	cc12b9f4-0a64-4086-aff4-7aa91ae695f0	Error: ENOENT: no such file or directory, stat '/Users/jordannakamoto/Documents/Programming/SpringProjects/VisualDegree/views/404.html'	GET	/api/api	undefined
20230629	02:02:05	937ba6ee-81ef-49b2-8fcd-1ab48f2401e5	Error: ENOENT: no such file or directory, stat '/Users/jordannakamoto/Documents/Programming/SpringProjects/VisualDegree/views/404.html'	GET	/api/api	undefined
20230629	02:02:22	ea5bd7fe-c501-427a-8031-367f357b8a9f	Error: ENOENT: no such file or directory, stat '/Users/jordannakamoto/Documents/Programming/SpringProjects/VisualDegree/views/404.html'	GET	/api/api	undefined
20230629	02:02:23	316bdac5-1cf0-4731-9958-2529f08ec045	Error: ENOENT: no such file or directory, stat '/Users/jordannakamoto/Documents/Programming/SpringProjects/VisualDegree/views/404.html'	GET	/api/api	undefined
20230629	02:02:24	a72beb17-bae5-4365-9c9a-fff3d9eef715	Error: ENOENT: no such file or directory, stat '/Users/jordannakamoto/Documents/Programming/SpringProjects/VisualDegree/views/404.html'	GET	/api/api	undefined
20230629	02:02:32	024e2e3d-0aa2-46a6-9ad2-daaa0a260ba7	Error: ENOENT: no such file or directory, stat '/Users/jordannakamoto/Documents/Programming/SpringProjects/VisualDegree/views/404.html'	GET	/api/api	undefined
20230629	02:04:08	be8d5af1-fde6-49a5-88f1-89c80c3376c6	Error: ENOENT: no such file or directory, stat '/Users/jordannakamoto/Documents/Programming/SpringProjects/VisualDegree/views/404.html'	GET	/api/api	undefined
20230629	02:04:10	cb67061e-5c00-48f8-82a7-175d4b81e875	Error: ENOENT: no such file or directory, stat '/Users/jordannakamoto/Documents/Programming/SpringProjects/VisualDegree/views/404.html'	GET	/api/api	undefined
20230629	02:15:23	11aa980c-2146-4705-86cd-c598160a53ac	Error: ENOENT: no such file or directory, stat '/Users/jordannakamoto/Documents/Programming/SpringProjects/VisualDegree/views/404.html'	GET	/api/programs/webapp/api/programs	undefined
20230629	02:24:51	39ee044e-035f-4eaa-9e1e-5ee296300f94	Error: ENOENT: no such file or directory, stat '/Users/jordannakamoto/Documents/Programming/SpringProjects/VisualDegree/views/404.html'	GET	/api/api	undefined
20230629	02:25:32	8088cb04-cae4-4e67-999f-6ff8b34c4563	Error: ENOENT: no such file or directory, stat '/Users/jordannakamoto/Documents/Programming/SpringProjects/VisualDegree/views/404.html'	GET	/api/api	undefined
20230629	02:25:32	d1cc606c-18bf-4153-997d-cf834f46fb13	Error: ENOENT: no such file or directory, stat '/Users/jordannakamoto/Documents/Programming/SpringProjects/VisualDegree/views/404.html'	GET	/api/api	undefined
20230629	02:25:32	f198c3fd-3367-445e-914c-b898dcbb26ee	Error: ENOENT: no such file or directory, stat '/Users/jordannakamoto/Documents/Programming/SpringProjects/VisualDegree/views/404.html'	GET	/api/api	undefined
20230629	02:25:34	d1cd7a7f-4560-47e1-b083-23de96839ea3	Error: ENOENT: no such file or directory, stat '/Users/jordannakamoto/Documents/Programming/SpringProjects/VisualDegree/views/404.html'	GET	/api/api	undefined
20230629	02:25:35	c069c5d9-fb50-4983-bf49-71df5d189003	Error: ENOENT: no such file or directory, stat '/Users/jordannakamoto/Documents/Programming/SpringProjects/VisualDegree/views/404.html'	GET	/api/api	undefined
20230629	02:25:56	5245a7ad-784a-4869-ba72-638421b409ce	Error: ENOENT: no such file or directory, stat '/Users/jordannakamoto/Documents/Programming/SpringProjects/VisualDegree/views/404.html'	GET	/api/webapp/api	undefined
20230629	02:25:57	17351c50-785a-462d-9501-c3fbb2d8feed	Error: ENOENT: no such file or directory, stat '/Users/jordannakamoto/Documents/Programming/SpringProjects/VisualDegree/views/404.html'	GET	/api/webapp/api	undefined
20230629	02:26:01	d538decf-5c76-4970-9cbb-7eb42abe7c9b	Error: ENOENT: no such file or directory, stat '/Users/jordannakamoto/Documents/Programming/SpringProjects/VisualDegree/views/404.html'	GET	/api/webapp/api	undefined
20230629	02:26:13	cc8c508f-9046-4405-9bb3-f631c28b7084	Error: ENOENT: no such file or directory, stat '/Users/jordannakamoto/Documents/Programming/SpringProjects/VisualDegree/views/404.html'	GET	/api/api	undefined
20230629	02:32:10	bc9d506a-9687-40f6-b93f-68f9728ffc3f	Error: ENOENT: no such file or directory, stat '/Users/jordannakamoto/Documents/Programming/SpringProjects/VisualDegree/views/404.html'	GET	/api/api	undefined
20230629	02:32:21	6fda3b39-82a4-4142-b0cc-e65223adc487	Error: ENOENT: no such file or directory, stat '/Users/jordannakamoto/Documents/Programming/SpringProjects/VisualDegree/views/404.html'	GET	/api/api	undefined
20230629	02:32:39	7714c005-e937-4a48-b5e1-4cf4ddd872e5	Error: ENOENT: no such file or directory, stat '/Users/jordannakamoto/Documents/Programming/SpringProjects/VisualDegree/views/404.html'	GET	/api/programs/api	undefined
20230629	02:32:40	e143084f-2029-4d8c-8c92-9089fa4c6e04	Error: ENOENT: no such file or directory, stat '/Users/jordannakamoto/Documents/Programming/SpringProjects/VisualDegree/views/404.html'	GET	/api/programs/api	undefined
20230629	02:32:40	662b0250-f61d-4c04-ae28-4df669efd712	Error: ENOENT: no such file or directory, stat '/Users/jordannakamoto/Documents/Programming/SpringProjects/VisualDegree/views/404.html'	GET	/api/programs/api	undefined
20230629	02:32:41	670b9a60-2dca-4748-ab97-d0a902ee1805	Error: ENOENT: no such file or directory, stat '/Users/jordannakamoto/Documents/Programming/SpringProjects/VisualDegree/views/404.html'	GET	/api/programs/api	undefined
20230629	02:34:15	d6d71807-b534-4ebe-8110-887d573c48cb	Error: ENOENT: no such file or directory, stat '/Users/jordannakamoto/Documents/Programming/SpringProjects/VisualDegree/views/404.html'	GET	/api/programs/api	undefined
20230629	02:35:26	6390887d-55b6-4073-8200-3655bf34930c	Error: ENOENT: no such file or directory, stat '/Users/jordannakamoto/Documents/Programming/SpringProjects/VisualDegree/views/404.html'	GET	/webapp/api	undefined
<<<<<<< HEAD
20230630	01:01:09	bb589bc8-ba1a-4ec0-97af-a6a315cba051	Error: ENOENT: no such file or directory, stat 'C:\Users\harri\Desktop\VisualDegree\views\404.html'	GET	/api/courses/department/	undefined
20230630	01:12:25	ff9665a5-2c65-4271-9f40-0851fbe0b595	Error: ENOENT: no such file or directory, stat 'C:\Users\harri\Desktop\VisualDegree\views\404.html'	GET	/api/courses/department/	undefined
=======
20230701	14:40:51	f93457c5-5ca9-445d-89e6-0d7ec408f356	Error: ENOENT: no such file or directory, stat '/Users/jordannakamoto/Documents/Programming/SpringProjects/VisualDegree/public/webapp/login.html'	GET	/login	undefined
20230701	14:40:51	2e9013bc-e2e5-4c8f-a40f-b1a31d9105b7	Error: ENOENT: no such file or directory, stat '/Users/jordannakamoto/Documents/Programming/SpringProjects/VisualDegree/views/404.html'	GET	/favicon.ico	undefined
20230701	14:40:52	961996b8-8d27-4212-a760-febe2760b337	Error: ENOENT: no such file or directory, stat '/Users/jordannakamoto/Documents/Programming/SpringProjects/VisualDegree/public/webapp/login.html'	GET	/login	undefined
20230701	14:40:54	2bca0327-e273-41ae-aec9-992352325a41	Error: ENOENT: no such file or directory, stat '/Users/jordannakamoto/Documents/Programming/SpringProjects/VisualDegree/public/webapp/login.html'	GET	/login	undefined
20230701	14:41:19	f2cbf599-067e-4d18-932f-dbbe3fee98c2	Error: ENOENT: no such file or directory, stat '/Users/jordannakamoto/Documents/Programming/SpringProjects/VisualDegree/public/webapp/login.html'	GET	/login	undefined
20230701	14:41:25	75fa7a86-6fea-44bb-ad43-0b341246634b	Error: ENOENT: no such file or directory, stat '/Users/jordannakamoto/Documents/Programming/SpringProjects/VisualDegree/views/404.html'	GET	/style.css	undefined
20230701	14:41:26	7aaa3876-d5f3-4aba-a165-6eb8857985c0	Error: ENOENT: no such file or directory, stat '/Users/jordannakamoto/Documents/Programming/SpringProjects/VisualDegree/views/404.html'	GET	/images/1.png	undefined
20230701	14:41:26	bd6a1622-7b8e-4e5b-bf8c-049860825594	Error: ENOENT: no such file or directory, stat '/Users/jordannakamoto/Documents/Programming/SpringProjects/VisualDegree/views/404.html'	GET	/images/google.png	undefined
20230701	14:41:28	0de3fcc4-3ca7-49ed-9e92-0111a24e498e	Error: ENOENT: no such file or directory, stat '/Users/jordannakamoto/Documents/Programming/SpringProjects/VisualDegree/views/404.html'	GET	/style.css	undefined
20230701	14:41:28	c9a47780-5cbd-4dfa-9a1f-74f5433ac0c2	Error: ENOENT: no such file or directory, stat '/Users/jordannakamoto/Documents/Programming/SpringProjects/VisualDegree/views/404.html'	GET	/images/1.png	undefined
20230701	14:41:28	9d16f48c-0b08-44ff-a8bb-654e1a7875be	Error: ENOENT: no such file or directory, stat '/Users/jordannakamoto/Documents/Programming/SpringProjects/VisualDegree/views/404.html'	GET	/images/google.png	undefined
20230701	14:42:44	f6a9cd71-0232-472b-a2c9-87ffaa8ff3cd	Error: ENOENT: no such file or directory, stat '/Users/jordannakamoto/Documents/Programming/SpringProjects/VisualDegree/views/404.html'	GET	/style.css	undefined
20230701	14:42:44	4750fd9f-7fd7-47df-b33e-53a484383203	Error: ENOENT: no such file or directory, stat '/Users/jordannakamoto/Documents/Programming/SpringProjects/VisualDegree/views/404.html'	GET	/images/google.png	undefined
20230701	14:42:44	4219a290-8716-411a-b7ab-4007a2936212	Error: ENOENT: no such file or directory, stat '/Users/jordannakamoto/Documents/Programming/SpringProjects/VisualDegree/views/404.html'	GET	/images/1.png	undefined
20230701	14:45:51	12e55d7b-1df2-42bb-87a4-e0726e2f3a95	Error: ENOENT: no such file or directory, stat '/Users/jordannakamoto/Documents/Programming/SpringProjects/VisualDegree/views/404.html'	GET	/images/google.png	undefined
20230701	14:45:51	0c3b3cf2-56ec-4fcd-b4d2-0d9fb3e16185	Error: ENOENT: no such file or directory, stat '/Users/jordannakamoto/Documents/Programming/SpringProjects/VisualDegree/views/404.html'	GET	/images/1.png	undefined
20230701	14:47:42	48bd3f7b-bfe8-4f44-8087-d119f8b047c0	Error: ENOENT: no such file or directory, stat '/Users/jordannakamoto/Documents/Programming/SpringProjects/VisualDegree/views/404.html'	GET	/images/google.png	undefined
20230701	14:47:42	1595cd8a-62b2-4500-8941-745ac5b9aff1	Error: ENOENT: no such file or directory, stat '/Users/jordannakamoto/Documents/Programming/SpringProjects/VisualDegree/views/404.html'	GET	/images/1.png	undefined
20230701	14:47:50	36265f4b-7a54-4adb-bf0e-636e914743b4	Error: ENOENT: no such file or directory, stat '/Users/jordannakamoto/Documents/Programming/SpringProjects/VisualDegree/views/404.html'	GET	/images/google.png	undefined
20230701	14:47:50	ce9fe240-2db4-4b23-9806-28cf1930dd50	Error: ENOENT: no such file or directory, stat '/Users/jordannakamoto/Documents/Programming/SpringProjects/VisualDegree/views/404.html'	GET	/images/1.png	undefined
20230701	14:48:03	fb3cb12f-1cc1-4789-a99b-1218e520f15d	Error: ENOENT: no such file or directory, stat '/Users/jordannakamoto/Documents/Programming/SpringProjects/VisualDegree/views/404.html'	GET	/images/google.png	undefined
20230701	14:48:03	336b0fe4-9117-405b-9e0b-d486a046a5b8	Error: ENOENT: no such file or directory, stat '/Users/jordannakamoto/Documents/Programming/SpringProjects/VisualDegree/views/404.html'	GET	/images/1.png	undefined
20230701	14:49:20	d583d596-c399-43af-b59c-e5fd83f65d95	Error: ENOENT: no such file or directory, stat '/Users/jordannakamoto/Documents/Programming/SpringProjects/VisualDegree/views/404.html'	GET	/images/google.png	undefined
20230701	14:49:20	e7c7c549-0c19-48ee-bfbd-5dcb15910bed	Error: ENOENT: no such file or directory, stat '/Users/jordannakamoto/Documents/Programming/SpringProjects/VisualDegree/views/404.html'	GET	/images/1.png	undefined
20230701	14:49:27	2a6525cb-9e1c-46b3-8b50-5e31460c969b	Error: ENOENT: no such file or directory, stat '/Users/jordannakamoto/Documents/Programming/SpringProjects/VisualDegree/views/404.html'	GET	/images/google.png	undefined
20230701	14:49:29	7495cfe4-beee-4637-aa20-7235b3522b21	Error: ENOENT: no such file or directory, stat '/Users/jordannakamoto/Documents/Programming/SpringProjects/VisualDegree/views/404.html'	GET	/images/google.png	undefined
20230701	14:49:52	f70ba15d-12d0-4927-afff-8a916cdb3889	Error: ENOENT: no such file or directory, stat '/Users/jordannakamoto/Documents/Programming/SpringProjects/VisualDegree/views/404.html'	GET	/images/google.png	undefined
20230701	14:51:12	e365338a-fdfe-42f0-b550-ec302f5ac9de	Error: ENOENT: no such file or directory, stat '/Users/jordannakamoto/Documents/Programming/SpringProjects/VisualDegree/views/404.html'	GET	/images/google.png	undefined
20230701	14:51:12	1275bb99-8232-4342-b1bf-90c82d607207	Error: ENOENT: no such file or directory, stat '/Users/jordannakamoto/Documents/Programming/SpringProjects/VisualDegree/views/404.html'	GET	/images/google.png	undefined
20230701	14:53:15	53ec870e-eda2-4737-bdd1-6e02fa8fbc4d	Error: ENOENT: no such file or directory, stat '/Users/jordannakamoto/Documents/Programming/SpringProjects/VisualDegree/views/404.html'	GET	/images/google.png	undefined
20230701	14:53:16	e718b3dd-5bbe-44e7-9b74-e631861f617e	Error: ENOENT: no such file or directory, stat '/Users/jordannakamoto/Documents/Programming/SpringProjects/VisualDegree/views/404.html'	GET	/images/google.png	undefined
20230701	14:53:17	f5cc7cce-1a3f-4ac7-9104-601d40ea0aa8	Error: ENOENT: no such file or directory, stat '/Users/jordannakamoto/Documents/Programming/SpringProjects/VisualDegree/views/404.html'	GET	/images/google.png	undefined
20230701	14:53:17	f2210322-3aef-41ef-b207-45c75b0ce202	Error: ENOENT: no such file or directory, stat '/Users/jordannakamoto/Documents/Programming/SpringProjects/VisualDegree/views/404.html'	GET	/images/google.png	undefined
20230701	14:53:17	ce64a248-1ca6-4eac-a18a-064debd178c4	Error: ENOENT: no such file or directory, stat '/Users/jordannakamoto/Documents/Programming/SpringProjects/VisualDegree/views/404.html'	GET	/images/google.png	undefined
20230701	14:53:25	5441959b-4960-4fc1-87ed-d873c1fdd24f	Error: ENOENT: no such file or directory, stat '/Users/jordannakamoto/Documents/Programming/SpringProjects/VisualDegree/views/404.html'	GET	/images/google.png	undefined
20230701	14:54:11	792fad76-83f8-45f4-88e6-b6cf8fb2b401	Error: ENOENT: no such file or directory, stat '/Users/jordannakamoto/Documents/Programming/SpringProjects/VisualDegree/views/404.html'	GET	/images/google.png	undefined
20230701	14:54:56	70631fa7-d99f-46ba-b019-0fa23a6503da	Error: ENOENT: no such file or directory, stat '/Users/jordannakamoto/Documents/Programming/SpringProjects/VisualDegree/views/404.html'	GET	/images/google.png	undefined
20230701	15:04:09	74ab1ddb-4526-4318-a891-e98d59187429	Error: ENOENT: no such file or directory, stat '/Users/jordannakamoto/Documents/Programming/SpringProjects/VisualDegree/views/404.html'	GET	/images/google.png	undefined
20230701	15:05:04	74dd526a-ee9e-44c7-ad7f-d7aa121bbe6b	Error: ENOENT: no such file or directory, stat '/Users/jordannakamoto/Documents/Programming/SpringProjects/VisualDegree/views/404.html'	GET	/images/google.png	undefined
20230701	15:05:13	06f00e31-b8d9-41a3-a516-55860015c507	Error: ENOENT: no such file or directory, stat '/Users/jordannakamoto/Documents/Programming/SpringProjects/VisualDegree/views/404.html'	GET	/images/google.png	undefined
20230701	15:05:34	b357e867-9a86-40f8-a2a7-a676e8013fbb	Error: ENOENT: no such file or directory, stat '/Users/jordannakamoto/Documents/Programming/SpringProjects/VisualDegree/views/404.html'	GET	/images/google.png	undefined
20230701	15:05:35	68ef16b2-42ad-47d0-b19c-02d37c681f5d	Error: ENOENT: no such file or directory, stat '/Users/jordannakamoto/Documents/Programming/SpringProjects/VisualDegree/views/404.html'	GET	/images/google.png	undefined
20230701	15:05:36	30df2525-5dbf-4f06-a826-cb75f292a62f	Error: ENOENT: no such file or directory, stat '/Users/jordannakamoto/Documents/Programming/SpringProjects/VisualDegree/views/404.html'	GET	/images/google.png	undefined
20230701	15:06:14	4197de14-2842-40ca-9bb1-c12b7dcac0d6	Error: ENOENT: no such file or directory, stat '/Users/jordannakamoto/Documents/Programming/SpringProjects/VisualDegree/views/404.html'	GET	/images/google.png	undefined
20230701	15:07:34	3f03d3eb-86ae-4e98-a337-f5c87e4c6d4a	Error: ENOENT: no such file or directory, stat '/Users/jordannakamoto/Documents/Programming/SpringProjects/VisualDegree/views/404.html'	GET	/images/google.png	undefined
20230701	15:07:41	33a75461-7e32-4011-8ccd-acf7adea4517	Error: ENOENT: no such file or directory, stat '/Users/jordannakamoto/Documents/Programming/SpringProjects/VisualDegree/views/404.html'	GET	/images/google.png	undefined
20230701	15:08:25	4af0d365-5d70-467d-9ef8-3d468ecf8325	Error: ENOENT: no such file or directory, stat '/Users/jordannakamoto/Documents/Programming/SpringProjects/VisualDegree/views/404.html'	GET	/images/google.png	undefined
20230701	15:08:27	edb50a04-ac8b-4f88-bb76-a069fac49624	Error: ENOENT: no such file or directory, stat '/Users/jordannakamoto/Documents/Programming/SpringProjects/VisualDegree/views/404.html'	GET	/images/google.png	undefined
20230701	15:08:27	7e6e5f89-80b9-4e00-b20a-5f910dca98ca	Error: ENOENT: no such file or directory, stat '/Users/jordannakamoto/Documents/Programming/SpringProjects/VisualDegree/views/404.html'	GET	/images/google.png	undefined
20230701	15:08:27	68dbdbf6-3753-4975-aec6-a7430ae51a8f	Error: ENOENT: no such file or directory, stat '/Users/jordannakamoto/Documents/Programming/SpringProjects/VisualDegree/views/404.html'	GET	/images/google.png	undefined
20230701	15:08:28	8a4fa469-7d2f-44f3-acec-86dfa10e4f1e	Error: ENOENT: no such file or directory, stat '/Users/jordannakamoto/Documents/Programming/SpringProjects/VisualDegree/views/404.html'	GET	/images/google.png	undefined
20230701	15:08:28	0eb66385-443a-4200-becd-88d2f8ff102e	Error: ENOENT: no such file or directory, stat '/Users/jordannakamoto/Documents/Programming/SpringProjects/VisualDegree/views/404.html'	GET	/images/google.png	undefined
20230701	15:08:28	a9536464-e811-4d59-abb7-4937dcec8125	Error: ENOENT: no such file or directory, stat '/Users/jordannakamoto/Documents/Programming/SpringProjects/VisualDegree/views/404.html'	GET	/images/google.png	undefined
20230701	15:08:28	b9732a6d-4916-4222-80c0-3b24e33bedb5	Error: ENOENT: no such file or directory, stat '/Users/jordannakamoto/Documents/Programming/SpringProjects/VisualDegree/views/404.html'	GET	/images/google.png	undefined
20230701	15:08:28	4da4a8e6-d357-42a8-b6c8-ae4256ae5bda	Error: ENOENT: no such file or directory, stat '/Users/jordannakamoto/Documents/Programming/SpringProjects/VisualDegree/views/404.html'	GET	/images/google.png	undefined
20230701	15:08:28	1060c295-c8c1-48ec-9489-1c30a0671a41	Error: ENOENT: no such file or directory, stat '/Users/jordannakamoto/Documents/Programming/SpringProjects/VisualDegree/views/404.html'	GET	/images/google.png	undefined
20230701	15:08:28	eba4ff41-4a31-406a-a40c-a71af33ab73b	Error: ENOENT: no such file or directory, stat '/Users/jordannakamoto/Documents/Programming/SpringProjects/VisualDegree/views/404.html'	GET	/images/google.png	undefined
20230701	15:08:28	a58103d7-3b98-4a33-80e5-f6dada896bd4	Error: ENOENT: no such file or directory, stat '/Users/jordannakamoto/Documents/Programming/SpringProjects/VisualDegree/views/404.html'	GET	/images/google.png	undefined
20230701	15:08:29	58143226-b75a-4b0e-b72b-952b40ad1257	Error: ENOENT: no such file or directory, stat '/Users/jordannakamoto/Documents/Programming/SpringProjects/VisualDegree/views/404.html'	GET	/images/google.png	undefined
20230701	15:08:29	839dac9f-ed94-45bc-9347-c35a4876dbd5	Error: ENOENT: no such file or directory, stat '/Users/jordannakamoto/Documents/Programming/SpringProjects/VisualDegree/views/404.html'	GET	/images/google.png	undefined
20230701	15:08:41	9142dda5-1675-4614-92ea-90c4bd3c08d6	Error: ENOENT: no such file or directory, stat '/Users/jordannakamoto/Documents/Programming/SpringProjects/VisualDegree/views/404.html'	GET	/images/google.png	undefined
20230701	15:08:41	d2a5bbdf-de29-4f12-9f03-3374cb792e48	Error: ENOENT: no such file or directory, stat '/Users/jordannakamoto/Documents/Programming/SpringProjects/VisualDegree/views/404.html'	GET	/favicon.ico	undefined
20230701	15:08:42	f1a9da8f-6313-472e-80c9-0b139ba543e8	Error: ENOENT: no such file or directory, stat '/Users/jordannakamoto/Documents/Programming/SpringProjects/VisualDegree/views/404.html'	GET	/images/google.png	undefined
20230701	15:08:42	8775f8b0-5d3d-4dc5-a0f0-f75ccc483185	Error: ENOENT: no such file or directory, stat '/Users/jordannakamoto/Documents/Programming/SpringProjects/VisualDegree/views/404.html'	GET	/favicon.ico	undefined
20230701	15:08:49	dc1ecbad-c2b7-4350-834b-d6f0c59818d5	Error: ENOENT: no such file or directory, stat '/Users/jordannakamoto/Documents/Programming/SpringProjects/VisualDegree/views/404.html'	GET	/images/google.png	undefined
20230701	15:08:52	adff29df-88be-4697-bcca-2c0eda393316	Error: ENOENT: no such file or directory, stat '/Users/jordannakamoto/Documents/Programming/SpringProjects/VisualDegree/views/404.html'	GET	/images/google.png	undefined
20230701	15:09:14	68777cb9-04c0-4f0a-a01d-3f54465cc78f	Error: ENOENT: no such file or directory, stat '/Users/jordannakamoto/Documents/Programming/SpringProjects/VisualDegree/views/404.html'	GET	/images/google.png	undefined
20230701	15:30:59	1fb7ad74-0c26-495a-8467-f380fdbef451	Error: ENOENT: no such file or directory, stat '/Users/jordannakamoto/Documents/Programming/SpringProjects/VisualDegree/views/404.html'	GET	/website/assets/seawolfpaw-bw.png	undefined
20230701	15:31:00	6a8578b6-0d1b-4bc6-a985-773d1144f503	Error: ENOENT: no such file or directory, stat '/Users/jordannakamoto/Documents/Programming/SpringProjects/VisualDegree/views/404.html'	GET	/website/assets/seawolfpaw-bw.png	undefined
20230701	15:31:01	cbd832c8-3013-4764-9d65-a03a13a1b070	Error: ENOENT: no such file or directory, stat '/Users/jordannakamoto/Documents/Programming/SpringProjects/VisualDegree/views/404.html'	GET	/website/assets/seawolfpaw-bw.png	undefined
20230701	15:31:32	2d526302-9d38-4ead-8c27-cccf46d8b757	Error: ENOENT: no such file or directory, stat '/Users/jordannakamoto/Documents/Programming/SpringProjects/VisualDegree/views/404.html'	GET	/website/assets/seawolfpaw-bw.png	undefined
20230701	15:31:33	be7386f3-0394-49b2-a45f-a90f9bd6d5aa	Error: ENOENT: no such file or directory, stat '/Users/jordannakamoto/Documents/Programming/SpringProjects/VisualDegree/views/404.html'	GET	/website/assets/seawolfpaw-bw.png	undefined
20230701	15:31:35	ccfecd5f-1ef0-4c5f-95d4-6bbeeb652f82	Error: ENOENT: no such file or directory, stat '/Users/jordannakamoto/Documents/Programming/SpringProjects/VisualDegree/views/404.html'	GET	/website/assets/seawolfpaw-bw.png	undefined
20230701	15:32:06	c4357921-9e7b-432a-b49c-e70f0220df65	Error: ENOENT: no such file or directory, stat '/Users/jordannakamoto/Documents/Programming/SpringProjects/VisualDegree/views/404.html'	GET	/website/assets/seawolfpaw-bw.png	undefined
20230701	15:32:39	4d69cd47-7dac-4241-8a8f-1f0b0f1ae8ff	Error: ENOENT: no such file or directory, stat '/Users/jordannakamoto/Documents/Programming/SpringProjects/VisualDegree/views/404.html'	GET	/website/assets/seawolfpaw-bw.png	undefined
20230701	15:32:50	888d1306-cfaa-49bf-9e29-51c97d01eda8	Error: ENOENT: no such file or directory, stat '/Users/jordannakamoto/Documents/Programming/SpringProjects/VisualDegree/views/404.html'	GET	/website/assets/seawolfpaw-bw.png	undefined
20230701	15:35:31	98d5b702-6a3a-483c-9c5a-acce0fcf84e1	Error: ENOENT: no such file or directory, stat '/Users/jordannakamoto/Documents/Programming/SpringProjects/VisualDegree/views/404.html'	GET	/website/assets/seawolfpaw-bw.png	undefined
20230701	15:37:20	5677ac69-6c81-4957-9dba-8e8a2d9c50c3	Error: ENOENT: no such file or directory, stat '/Users/jordannakamoto/Documents/Programming/SpringProjects/VisualDegree/views/404.html'	GET	/website/assets/seawolfpaw-bw.png	undefined
20230701	15:40:28	9ddfa221-07a8-4c7c-8e76-a1453d00c331	Error: ENOENT: no such file or directory, stat '/Users/jordannakamoto/Documents/Programming/SpringProjects/VisualDegree/views/404.html'	GET	/assets/images/seawolfpaw-bw.png	undefined
20230701	17:24:12	5918e585-33d2-4f22-b889-ed2d076dafab	Error: ENOENT: no such file or directory, stat '/Users/jordannakamoto/Documents/Programming/SpringProjects/VisualDegree/views/404.html'	GET	/favicon.ico	undefined
20230710	10:52:16	b5fbfdca-5b3c-4e6e-a16d-88868b433261	Error: ENOENT: no such file or directory, stat '/Users/jordannakamoto/Documents/Programming/SpringProjects/VisualDegree/views/404.html'	GET	/favicon.ico	undefined
20230710	13:28:54	d2c181b8-d7f3-4bb0-a5ee-bd98782fa8f0	Error: ENOENT: no such file or directory, stat '/Users/jordannakamoto/Documents/Programming/SpringProjects/VisualDegree/views/404.html'	GET	/login.js	undefined
20230710	13:34:41	0b226256-9ee1-4a8e-8886-05ab6617e446	Error: ENOENT: no such file or directory, stat '/Users/jordannakamoto/Documents/Programming/SpringProjects/VisualDegree/views/404.html'	GET	/website/login.js	http://localhost:3000
20230710	13:34:41	559d9081-22ac-4118-8a5a-1856ef1fbf6c	Error: ENOENT: no such file or directory, stat '/Users/jordannakamoto/Documents/Programming/SpringProjects/VisualDegree/views/404.html'	GET	/website/assets/modulepreload-polyfill-3cfb730f.js	http://localhost:3000
20230710	13:34:44	54d17a08-8ba4-4f00-9206-af320b05d66a	Error: ENOENT: no such file or directory, stat '/Users/jordannakamoto/Documents/Programming/SpringProjects/VisualDegree/views/404.html'	GET	/website/login.js	http://localhost:3000
20230710	13:34:44	ee4732fe-afbc-4074-a7c7-2d586a5e8a2e	Error: ENOENT: no such file or directory, stat '/Users/jordannakamoto/Documents/Programming/SpringProjects/VisualDegree/views/404.html'	GET	/website/assets/modulepreload-polyfill-3cfb730f.js	http://localhost:3000
20230710	13:34:54	1ccf8f3d-df49-4bfe-912a-72bf205e82a3	Error: ENOENT: no such file or directory, stat '/Users/jordannakamoto/Documents/Programming/SpringProjects/VisualDegree/views/404.html'	GET	/website/landing.js	http://localhost:3000
20230710	13:34:54	37e80e9b-279d-4b6b-87cf-3eb7e598ef17	Error: ENOENT: no such file or directory, stat '/Users/jordannakamoto/Documents/Programming/SpringProjects/VisualDegree/views/404.html'	GET	/website/assets/modulepreload-polyfill-3cfb730f.js	http://localhost:3000
20230710	13:34:56	55a88723-bea6-411e-b79a-b76038f5d52b	Error: ENOENT: no such file or directory, stat '/Users/jordannakamoto/Documents/Programming/SpringProjects/VisualDegree/views/404.html'	GET	/website/landing.js	http://localhost:3000
20230710	13:34:56	36921ef6-94a8-40e1-9594-06e952dc85ee	Error: ENOENT: no such file or directory, stat '/Users/jordannakamoto/Documents/Programming/SpringProjects/VisualDegree/views/404.html'	GET	/website/assets/modulepreload-polyfill-3cfb730f.js	http://localhost:3000
20230710	13:35:56	b23a2577-54a8-42cd-a2a9-3568c2ee512d	Error: ENOENT: no such file or directory, stat '/Users/jordannakamoto/Documents/Programming/SpringProjects/VisualDegree/views/404.html'	GET	/website/website/login.js	http://localhost:3000
20230710	13:35:56	88e95e84-bdb0-4d1a-9897-44ba2511a70d	Error: ENOENT: no such file or directory, stat '/Users/jordannakamoto/Documents/Programming/SpringProjects/VisualDegree/views/404.html'	GET	/website/assets/modulepreload-polyfill-3cfb730f.js	http://localhost:3000
20230710	13:37:35	80294afa-63ee-449d-a705-5fe2718cf018	Error: ENOENT: no such file or directory, stat '/Users/jordannakamoto/Documents/Programming/SpringProjects/VisualDegree/views/404.html'	GET	/website/assets/modulepreload-polyfill-3cfb730f.js	http://localhost:3000
20230710	13:37:59	a55d9fac-d0da-4737-8b96-7217168e2cde	Error: ENOENT: no such file or directory, stat '/Users/jordannakamoto/Documents/Programming/SpringProjects/VisualDegree/views/404.html'	GET	/website/assets/modulepreload-polyfill-3cfb730f.js	http://localhost:3000
20230710	13:38:31	d9413f27-273f-4862-8c32-ba5b50bc67d7	Error: ENOENT: no such file or directory, stat '/Users/jordannakamoto/Documents/Programming/SpringProjects/VisualDegree/views/404.html'	GET	/website/assets/modulepreload-polyfill-3cfb730f.js	http://localhost:3000
20230710	13:38:31	f2d678e0-4e3a-46bb-88a6-7da9517f3ca5	Error: ENOENT: no such file or directory, stat '/Users/jordannakamoto/Documents/Programming/SpringProjects/VisualDegree/views/404.html'	GET	/website/landing.js	http://localhost:3000
20230710	13:41:35	390307b5-3dcd-4110-b3c8-990b872d22b7	Error: ENOENT: no such file or directory, stat '/Users/jordannakamoto/Documents/Programming/SpringProjects/VisualDegree/views/404.html'	GET	/website/assets/modulepreload-polyfill-3cfb730f.js	http://localhost:3000
20230710	13:41:46	a31b73ce-ca8f-4f35-af6a-894b6e93bb1f	Error: ENOENT: no such file or directory, stat '/Users/jordannakamoto/Documents/Programming/SpringProjects/VisualDegree/views/404.html'	GET	/website/assets/modulepreload-polyfill-3cfb730f.js	http://localhost:3000
20230710	13:42:53	f39d7232-7e33-4712-868b-aa60e09b613a	Error: ENOENT: no such file or directory, stat '/Users/jordannakamoto/Documents/Programming/SpringProjects/VisualDegree/views/404.html'	GET	/website/assets/modulepreload-polyfill-3cfb730f.js	http://localhost:3000
20230710	13:45:39	76d735e6-9e31-4a91-b882-b0be45aa0bbb	Error: ENOENT: no such file or directory, stat '/Users/jordannakamoto/Documents/Programming/SpringProjects/VisualDegree/views/404.html'	GET	/website/assets/modulepreload-polyfill-3cfb730f.js	http://localhost:3000
20230710	13:45:43	1cea89e4-ea68-4ef3-9883-cf9c2da51c86	Error: ENOENT: no such file or directory, stat '/Users/jordannakamoto/Documents/Programming/SpringProjects/VisualDegree/views/404.html'	GET	/website/assets/modulepreload-polyfill-3cfb730f.js	http://localhost:3000
20230710	13:45:55	dd893ad8-8e4d-4206-b6bc-c2f3c6f09606	Error: ENOENT: no such file or directory, stat '/Users/jordannakamoto/Documents/Programming/SpringProjects/VisualDegree/views/404.html'	GET	/website/assets/modulepreload-polyfill-3cfb730f.js	http://localhost:3000
20230710	13:47:08	5dc51413-87cb-406d-b187-d935dc134cc5	Error: ENOENT: no such file or directory, stat '/Users/jordannakamoto/Documents/Programming/SpringProjects/VisualDegree/views/404.html'	GET	/website/assets/modulepreload-polyfill-3cfb730f.js	http://localhost:3000
20230710	13:47:09	049389bf-8fd5-4b6f-bce7-b2cebec7f887	Error: ENOENT: no such file or directory, stat '/Users/jordannakamoto/Documents/Programming/SpringProjects/VisualDegree/views/404.html'	GET	/website/assets/modulepreload-polyfill-3cfb730f.js	http://localhost:3000
20230710	13:48:01	3ee8cfaa-094f-49d8-9af7-209346ca2724	Error: ENOENT: no such file or directory, stat '/Users/jordannakamoto/Documents/Programming/SpringProjects/VisualDegree/views/404.html'	GET	/website/website/landing.js	http://localhost:3000
20230710	13:48:01	4a34fae9-3dde-48bd-b880-a13b409ea9a3	Error: ENOENT: no such file or directory, stat '/Users/jordannakamoto/Documents/Programming/SpringProjects/VisualDegree/views/404.html'	GET	/website/assets/modulepreload-polyfill-3cfb730f.js	http://localhost:3000
20230710	13:48:56	989a2c10-71ec-464b-b9c9-62e22f5dd214	Error: ENOENT: no such file or directory, stat '/Users/jordannakamoto/Documents/Programming/SpringProjects/VisualDegree/views/404.html'	GET	/website/assets/modulepreload-polyfill-3cfb730f.js	http://localhost:3000
20230710	13:49:15	fbb7f528-64be-4ca4-a8a8-1bfd1f825d2e	Error: ENOENT: no such file or directory, stat '/Users/jordannakamoto/Documents/Programming/SpringProjects/VisualDegree/views/404.html'	GET	/website/assets/modulepreload-polyfill-3cfb730f.js	http://localhost:3000
20230710	13:49:16	541e3faf-8be3-4f97-ae3e-bd0dcc2fe1db	Error: ENOENT: no such file or directory, stat '/Users/jordannakamoto/Documents/Programming/SpringProjects/VisualDegree/views/404.html'	GET	/website/assets/modulepreload-polyfill-3cfb730f.js	http://localhost:3000
20230710	13:49:19	e50f1ca7-b36d-4af8-9fe0-f8b7e8de3c4d	Error: ENOENT: no such file or directory, stat '/Users/jordannakamoto/Documents/Programming/SpringProjects/VisualDegree/views/404.html'	GET	/website/assets/modulepreload-polyfill-3cfb730f.js	http://localhost:3000
20230710	13:49:21	2791dcfa-b6cb-4c95-8637-7c33fbde4c2e	Error: ENOENT: no such file or directory, stat '/Users/jordannakamoto/Documents/Programming/SpringProjects/VisualDegree/views/404.html'	GET	/website/assets/modulepreload-polyfill-3cfb730f.js	http://localhost:3000
20230710	13:50:26	3691322b-6f18-47d7-9d95-86fb6f26c2a5	Error: ENOENT: no such file or directory, stat '/Users/jordannakamoto/Documents/Programming/SpringProjects/VisualDegree/views/404.html'	GET	/website/assets/modulepreload-polyfill-3cfb730f.js	http://localhost:3000
20230710	13:50:26	08cbb407-ff7c-436c-b771-7bdae96d3ebf	Error: ENOENT: no such file or directory, stat '/Users/jordannakamoto/Documents/Programming/SpringProjects/VisualDegree/views/404.html'	GET	/website/assets/modulepreload-polyfill-3cfb730f.js	http://localhost:3000
20230710	13:50:58	10e72889-136f-46de-93c9-d2b6de5b62cb	Error: ENOENT: no such file or directory, stat '/Users/jordannakamoto/Documents/Programming/SpringProjects/VisualDegree/views/404.html'	GET	/website/assets/modulepreload-polyfill-3cfb730f.js	http://localhost:3000
20230710	13:55:57	959ef185-5609-48c3-b876-64ae25fc15e0	Error: ENOENT: no such file or directory, stat '/Users/jordannakamoto/Documents/Programming/SpringProjects/VisualDegree/views/404.html'	GET	/website/assets/modulepreload-polyfill-3cfb730f.js	http://localhost:3000
20230710	13:56:02	e86f55b7-dd69-4d23-814a-ee16b6b3e2a5	Error: ENOENT: no such file or directory, stat '/Users/jordannakamoto/Documents/Programming/SpringProjects/VisualDegree/views/404.html'	GET	/website/assets/modulepreload-polyfill-3cfb730f.js	http://localhost:3000
20230710	13:57:16	62df456f-0929-42a1-81d1-87b32c3add72	Error: ENOENT: no such file or directory, stat '/Users/jordannakamoto/Documents/Programming/SpringProjects/VisualDegree/views/404.html'	GET	/website/website/assets/modulepreload-polyfill-3cfb730f.js	http://localhost:3000
20230710	13:57:17	2994dedc-7365-4eab-a0e7-be594f204ad3	Error: ENOENT: no such file or directory, stat '/Users/jordannakamoto/Documents/Programming/SpringProjects/VisualDegree/views/404.html'	GET	/website/website/assets/modulepreload-polyfill-3cfb730f.js	http://localhost:3000
20230710	13:57:18	418a0ba8-51a6-4a3e-8f9c-4a13156e849e	Error: ENOENT: no such file or directory, stat '/Users/jordannakamoto/Documents/Programming/SpringProjects/VisualDegree/views/404.html'	GET	/website/website/assets/modulepreload-polyfill-3cfb730f.js	http://localhost:3000
20230710	13:57:21	ed373bc8-2816-4c0c-b918-c970c01fe91c	Error: ENOENT: no such file or directory, stat '/Users/jordannakamoto/Documents/Programming/SpringProjects/VisualDegree/views/404.html'	GET	/website/website/assets/modulepreload-polyfill-3cfb730f.js	http://localhost:3000
20230710	13:57:28	101471f7-2455-448f-892b-d661126efabc	Error: ENOENT: no such file or directory, stat '/Users/jordannakamoto/Documents/Programming/SpringProjects/VisualDegree/views/404.html'	GET	/website/website/assets/modulepreload-polyfill-3cfb730f.js	http://localhost:3000
20230710	13:57:40	a7c44119-89f0-46c7-80a3-f59edc8045ce	Error: ENOENT: no such file or directory, stat '/Users/jordannakamoto/Documents/Programming/SpringProjects/VisualDegree/views/404.html'	GET	/website/website/assets/modulepreload-polyfill-3cfb730f.js	http://localhost:3000
20230710	13:58:39	ed3a4edc-fbba-4387-b6a6-4cf401513214	Error: ENOENT: no such file or directory, stat '/Users/jordannakamoto/Documents/Programming/SpringProjects/VisualDegree/views/404.html'	GET	/website/website/assets/modulepreload-polyfill-3cfb730f.js	http://localhost:3000
20230710	14:46:16	cb0c77d2-fe59-4a5a-b1d3-5d0b9d33e10d	Error: ENOENT: no such file or directory, stat '/Users/jordannakamoto/Documents/Programming/SpringProjects/VisualDegree/views/404.html'	GET	/favicon.ico	undefined
20230710	16:30:38	b03b6084-343a-49da-bdd4-b7633a6866f3	Error: ENOENT: no such file or directory, stat '/Users/jordannakamoto/Documents/Programming/SpringProjects/VisualDegree/views/404.html'	GET	/favicon.ico	undefined
20230714	17:18:10	226dabae-a220-4c37-ada6-18f1c30ba2cb	Error: ENOENT: no such file or directory, stat '/Users/jordannakamoto/Documents/Programming/SpringProjects/VisualDegree/views/404.html'	GET	/favicon.ico	undefined
20230718	16:44:25	7576fbf7-d73f-4006-9a5d-5672097bb884	Error: ENOENT: no such file or directory, stat '/Users/jordannakamoto/Documents/Programming/SpringProjects/VisualDegree/views/404.html'	GET	/favicon.ico	undefined
20230720	12:20:49	370ef253-258a-46e6-8de5-14dcfa6205be	Error: ENOENT: no such file or directory, stat '/Users/jordannakamoto/Documents/Programming/SpringProjects/VisualDegree/views/404.html'	GET	/favicon.ico	undefined
20230720	13:03:25	e72591a9-8677-4ee6-8924-578ff3f9721c	Error: ENOENT: no such file or directory, stat '/Users/jordannakamoto/Documents/Programming/SpringProjects/VisualDegree/views/404.html'	GET	/validate-jwt	undefined
20230720	13:13:03	eb816cf2-4ba1-4bd8-a16c-d311cbe43ddf	Error: ENOENT: no such file or directory, stat '/Users/jordannakamoto/Documents/Programming/SpringProjects/VisualDegree/views/404.html'	GET	/validate-jwt	undefined
20230720	13:29:29	19392bf2-2e94-4754-9ac2-6d12900e34db	Error: ENOENT: no such file or directory, stat '/Users/jordannakamoto/Documents/Programming/SpringProjects/VisualDegree/views/404.html'	GET	/validate-jwt	undefined
20230720	13:30:40	8464c663-cdca-4314-b7e4-771ff8ae1e22	Error: ENOENT: no such file or directory, stat '/Users/jordannakamoto/Documents/Programming/SpringProjects/VisualDegree/views/404.html'	GET	/favicon.ico	undefined
20230720	13:30:45	14c22d41-7b5b-4926-85bf-1458afd31a0a	Error: ENOENT: no such file or directory, stat '/Users/jordannakamoto/Documents/Programming/SpringProjects/VisualDegree/views/404.html'	GET	/favicon.ico	undefined
20230720	13:30:46	1fefcead-b901-47f7-a528-8382ab274b62	Error: ENOENT: no such file or directory, stat '/Users/jordannakamoto/Documents/Programming/SpringProjects/VisualDegree/views/404.html'	GET	/favicon.ico	undefined
20230721	22:25:23	eb39e6ce-97fd-4fee-9d5b-4cea3a9b4484	Error: ENOENT: no such file or directory, stat '/Users/jordannakamoto/Documents/Programming/SpringProjects/VisualDegree/views/404.html'	GET	/favicon.ico	undefined
20230721	22:34:46	1ca68f00-64be-4db0-9401-67b0dba07c8a	Error: The default Firebase app does not exist. Make sure you call initializeApp() before using any of the Firebase services.	GET	/app	undefined
20230721	22:34:56	62a20e1e-d585-4984-a085-08f52a97f3f3	Error: The default Firebase app does not exist. Make sure you call initializeApp() before using any of the Firebase services.	GET	/app	undefined
20230721	22:35:24	c7ddade9-ed80-435e-9622-09db81f68cf9	Error: The default Firebase app does not exist. Make sure you call initializeApp() before using any of the Firebase services.	GET	/app	undefined
20230721	22:35:33	0511fe1a-d6d4-4bf1-a6c3-4cfacad6bb85	Error: The default Firebase app does not exist. Make sure you call initializeApp() before using any of the Firebase services.	GET	/app	undefined
20230722	13:40:45	b8b888ef-2f6a-469b-9b60-df01cf72896f	Error: The default Firebase app does not exist. Make sure you call initializeApp() before using any of the Firebase services.	GET	/app	undefined
20230722	13:42:23	64fb2212-b413-42b9-9e02-3e6b68414f55	Error: The default Firebase app does not exist. Make sure you call initializeApp() before using any of the Firebase services.	GET	/app	undefined
20230723	20:52:06	df241664-ed6e-4be2-add4-a6767a7394e4	Error: ENOENT: no such file or directory, stat '/Users/jordannakamoto/Documents/Programming/SpringProjects/VisualDegree/public/website/landingPage/landing.html'	GET	/	undefined
20230723	20:52:06	1c3ae3bb-edc2-414c-941e-c28c233865a2	Error: ENOENT: no such file or directory, stat '/Users/jordannakamoto/Documents/Programming/SpringProjects/VisualDegree/views/404.html'	GET	/favicon.ico	undefined
20230723	20:52:09	e213a605-47ea-44a1-af6a-ab4745d042d5	Error: ENOENT: no such file or directory, stat '/Users/jordannakamoto/Documents/Programming/SpringProjects/VisualDegree/public/website/landingPage/landing.html'	GET	/	undefined
20230725	22:48:08	5ce859b9-a721-4167-9fde-84ddb6f23fe0	Error: The default Firebase app does not exist. Make sure you call initializeApp() before using any of the Firebase services.	GET	/app	undefined
20230725	22:48:09	3753c06b-a7d5-45d5-a8ab-b97631721d9b	Error: ENOENT: no such file or directory, stat '/Users/jordannakamoto/Documents/Programming/SpringProjects/VisualDegree/views/404.html'	GET	/favicon.ico	undefined
20230725	22:48:19	ed96a104-6e16-4716-aeaf-a2b17cd4d3d8	Error: The default Firebase app does not exist. Make sure you call initializeApp() before using any of the Firebase services.	GET	/app	undefined
20230725	23:05:05	3f8badcc-957c-47ff-b611-78dbdbb5584d	Error: The default Firebase app does not exist. Make sure you call initializeApp() before using any of the Firebase services.	GET	/app	undefined
20230725	23:05:07	3b98b8e3-8e46-4820-b262-0fc9604c4d54	Error: ENOENT: no such file or directory, stat '/Users/jordannakamoto/Documents/Programming/SpringProjects/VisualDegree/views/404.html'	GET	/favicon.ico	undefined
20230725	23:05:12	c9be2318-1b28-4da2-ae35-2e9b18fb9340	Error: The default Firebase app does not exist. Make sure you call initializeApp() before using any of the Firebase services.	GET	/app	undefined
20230725	23:07:07	c4014dfe-ba5c-474c-9680-5b8996e1f321	Error: ENOENT: no such file or directory, stat '/Users/jordannakamoto/Documents/Programming/SpringProjects/VisualDegree/views/404.html'	GET	/favicon.ico	undefined
20230725	23:07:07	8c7e9126-252b-4c69-9a9a-4a862af9b1d3	Error: ENOENT: no such file or directory, stat '/Users/jordannakamoto/Documents/Programming/SpringProjects/VisualDegree/views/404.html'	GET	/apple-touch-icon-precomposed.png	undefined
20230725	23:07:07	8b81433f-1cd7-4400-80d0-9136579c5e72	Error: ENOENT: no such file or directory, stat '/Users/jordannakamoto/Documents/Programming/SpringProjects/VisualDegree/views/404.html'	GET	/apple-touch-icon.png	undefined
20230725	23:07:09	9be92b4b-390c-4cb1-94cb-729f9397482c	Error: ENOENT: no such file or directory, stat '/Users/jordannakamoto/Documents/Programming/SpringProjects/VisualDegree/views/404.html'	GET	/apple-touch-icon-precomposed.png	undefined
20230725	23:07:09	508c53d5-4912-4b98-b5ae-dd56326f4a53	Error: ENOENT: no such file or directory, stat '/Users/jordannakamoto/Documents/Programming/SpringProjects/VisualDegree/views/404.html'	GET	/apple-touch-icon.png	undefined
20230725	23:07:09	af246d26-0a2e-4750-83c1-a910f2d2eb05	Error: ENOENT: no such file or directory, stat '/Users/jordannakamoto/Documents/Programming/SpringProjects/VisualDegree/views/404.html'	GET	/favicon.ico	undefined
20230725	23:08:34	2109f50f-d4bb-4e0d-a747-08fb738363ba	Error: ENOENT: no such file or directory, stat '/Users/jordannakamoto/Documents/Programming/SpringProjects/VisualDegree/views/404.html'	GET	/apple-touch-icon-precomposed.png	undefined
20230725	23:08:34	7f12da68-d5de-4fd0-acee-d2819846fed8	Error: ENOENT: no such file or directory, stat '/Users/jordannakamoto/Documents/Programming/SpringProjects/VisualDegree/views/404.html'	GET	/apple-touch-icon.png	undefined
20230725	23:08:34	7f208933-3743-4f9f-be6f-fcf8e179896f	Error: ENOENT: no such file or directory, stat '/Users/jordannakamoto/Documents/Programming/SpringProjects/VisualDegree/views/404.html'	GET	/favicon.ico	undefined
20230725	23:08:46	c6aabbc8-084e-4710-b37d-0ae2115c3551	Error: ENOENT: no such file or directory, stat '/Users/jordannakamoto/Documents/Programming/SpringProjects/VisualDegree/views/404.html'	GET	/apple-touch-icon-precomposed.png	undefined
20230725	23:08:46	b2804123-8659-436f-8ec5-e83cb0cba851	Error: ENOENT: no such file or directory, stat '/Users/jordannakamoto/Documents/Programming/SpringProjects/VisualDegree/views/404.html'	GET	/apple-touch-icon.png	undefined
20230725	23:08:46	e55b753a-9a42-4ef2-a415-5f7a5a7865b2	Error: ENOENT: no such file or directory, stat '/Users/jordannakamoto/Documents/Programming/SpringProjects/VisualDegree/views/404.html'	GET	/favicon.ico	undefined
20230725	23:09:03	b32e8643-d2ad-4548-8ab0-9c89f44bcaa6	Error: The default Firebase app does not exist. Make sure you call initializeApp() before using any of the Firebase services.	GET	/app	undefined
20230725	23:09:27	864c8d84-b5ba-4a3e-8218-0cf0a572b094	Error: The default Firebase app does not exist. Make sure you call initializeApp() before using any of the Firebase services.	GET	/app	undefined
20230725	23:22:06	475d5902-1d8e-4ba1-9efc-35100f1c3225	Error: The default Firebase app does not exist. Make sure you call initializeApp() before using any of the Firebase services.	GET	/app	undefined
20230725	23:23:08	82cfe999-6aa2-4d9c-b6af-96bf026aa34f	Error: The default Firebase app does not exist. Make sure you call initializeApp() before using any of the Firebase services.	GET	/app	undefined
20230725	23:23:16	b5928afc-aabb-4795-9519-a7c63e636162	Error: The default Firebase app does not exist. Make sure you call initializeApp() before using any of the Firebase services.	GET	/app	undefined
20230725	23:24:38	ea526926-9e0a-400d-b441-ce317a3e227e	Error: The default Firebase app does not exist. Make sure you call initializeApp() before using any of the Firebase services.	GET	/app	undefined
20230725	23:25:04	b47005b3-64da-476a-9102-6611652c96f7	Error: The default Firebase app does not exist. Make sure you call initializeApp() before using any of the Firebase services.	GET	/app	undefined
20230725	23:27:39	81dabe70-669d-4730-a8b6-bd1c4e065ee4	Error: The default Firebase app does not exist. Make sure you call initializeApp() before using any of the Firebase services.	GET	/app	undefined
20230725	23:28:29	697ff89c-9e91-4b7f-b5c8-ee4c4ddb2477	Error: The default Firebase app does not exist. Make sure you call initializeApp() before using any of the Firebase services.	GET	/app	undefined
20230725	23:28:51	7bb83bf2-281d-4bf2-ac67-478c0211d0c5	Error: The default Firebase app does not exist. Make sure you call initializeApp() before using any of the Firebase services.	GET	/app	undefined
20230725	23:29:30	9de94d2a-e04c-4703-ac28-fd58e7f9ba64	Error: The default Firebase app does not exist. Make sure you call initializeApp() before using any of the Firebase services.	GET	/app	undefined
20230726	00:07:17	5aa5431d-cbfa-4cd5-a335-d2e48f61b757	Error: The default Firebase app does not exist. Make sure you call initializeApp() before using any of the Firebase services.	GET	/app	undefined
20230726	12:40:15	97cf067b-10e8-4544-a0f2-a32c76f448ae	Error: ENOENT: no such file or directory, stat '/Users/jordannakamoto/Documents/Programming/SpringProjects/VisualDegree/views/404.html'	GET	/favicon.ico	undefined
20230726	12:40:22	8ef9cab9-a50b-4a0f-9842-04f7db1df6f3	TypeError: Cannot read properties of undefined (reading 'toString')	POST	/api/validate-jwt	http://localhost:3000
20230726	12:42:54	8bd675b5-5dbf-4ea3-89c1-dfe5de11eed2	TypeError: Cannot read properties of undefined (reading 'toString')	POST	/api/validate-jwt	http://localhost:3000
20230726	12:50:58	7b8be2e6-110e-44a5-ab60-d00039225274	TypeError: Cannot read properties of undefined (reading 'toString')	POST	/api/validate-jwt	http://localhost:3000
20230726	13:10:32	e7212ba4-bb9c-4523-b182-34e52dc486b3	TypeError: Cannot read properties of undefined (reading 'toString')	POST	/api/validate-jwt	http://localhost:3000
20230726	13:12:04	3f479e7e-e021-42dd-a1e7-08d25434091c	TypeError: Cannot read properties of undefined (reading 'toString')	POST	/api/validate-jwt	http://localhost:3000
20230726	13:15:00	ab110a7d-3c4d-4c41-86fa-1d3bb3bfba8d	TypeError: Cannot read properties of undefined (reading 'toString')	POST	/api/validate-jwt	http://localhost:3000
20230726	13:18:26	7fa8fc6a-3247-4683-b34a-4a341d0fce9f	TypeError: admin.getAuth is not a function	POST	/api/validate-jwt	http://localhost:3000
20230726	15:49:38	ad2ec6a4-fc54-4c15-8fa8-f085fe8eee22	Error: First argument to verifyIdToken() must be a Firebase ID token string.	GET	/app	undefined
20230726	20:06:26	44253b79-7249-441d-ba04-990e256efdbd	Error: ENOENT: no such file or directory, stat '/Users/jordannakamoto/Documents/Programming/SpringProjects/VisualDegree/views/404.html'	POST	/api/validate-jwt	http://localhost:3000
20230726	20:08:14	188dce44-b990-41fc-8f5c-682053dfaf49	Error: ENOENT: no such file or directory, stat '/Users/jordannakamoto/Documents/Programming/SpringProjects/VisualDegree/views/404.html'	POST	/api/validate-jwt	http://localhost:3000
20230726	20:09:25	e2fa7994-92f6-4081-841e-a7ef42db5310	Error: ENOENT: no such file or directory, stat '/Users/jordannakamoto/Documents/Programming/SpringProjects/VisualDegree/views/404.html'	POST	/api/validate-jwt	http://localhost:3000
20230726	20:09:56	29f79006-55d6-4005-9dcb-12fb8645c8a4	Error: ENOENT: no such file or directory, stat '/Users/jordannakamoto/Documents/Programming/SpringProjects/VisualDegree/views/404.html'	GET	/apple-touch-icon-precomposed.png	undefined
20230726	20:09:56	7fe57937-d5fa-4c67-81f9-bf1bd329a178	Error: ENOENT: no such file or directory, stat '/Users/jordannakamoto/Documents/Programming/SpringProjects/VisualDegree/views/404.html'	GET	/apple-touch-icon.png	undefined
20230726	20:09:56	4adfb696-b6e2-43cd-9614-38b8aadebf91	Error: ENOENT: no such file or directory, stat '/Users/jordannakamoto/Documents/Programming/SpringProjects/VisualDegree/views/404.html'	GET	/favicon.ico	undefined
20230726	20:10:03	6ad0a6f2-8c6b-413e-b6ae-6c0f6fb16902	Error: ENOENT: no such file or directory, stat '/Users/jordannakamoto/Documents/Programming/SpringProjects/VisualDegree/views/404.html'	GET	/apple-touch-icon-precomposed.png	undefined
20230726	20:10:03	44953005-6001-4191-aab3-f97dea3cc589	Error: ENOENT: no such file or directory, stat '/Users/jordannakamoto/Documents/Programming/SpringProjects/VisualDegree/views/404.html'	GET	/apple-touch-icon.png	undefined
20230726	20:10:03	effb1d0e-cef0-4d17-b006-e1b2e1996d71	Error: ENOENT: no such file or directory, stat '/Users/jordannakamoto/Documents/Programming/SpringProjects/VisualDegree/views/404.html'	GET	/favicon.ico	undefined
20230726	20:10:04	e849fab0-14f5-4f67-96e9-33fb7a097e2b	Error: ENOENT: no such file or directory, stat '/Users/jordannakamoto/Documents/Programming/SpringProjects/VisualDegree/views/404.html'	GET	/apple-touch-icon-precomposed.png	undefined
20230726	20:10:04	ed1c6908-e162-4a00-8dbe-df634cb7233d	Error: ENOENT: no such file or directory, stat '/Users/jordannakamoto/Documents/Programming/SpringProjects/VisualDegree/views/404.html'	GET	/apple-touch-icon.png	undefined
20230726	20:10:04	5bf98d7f-eb0d-4e50-a598-54b328677182	Error: ENOENT: no such file or directory, stat '/Users/jordannakamoto/Documents/Programming/SpringProjects/VisualDegree/views/404.html'	GET	/favicon.ico	undefined
20230726	20:10:13	cb33bcd3-a3a7-4c60-b5d1-0b440f93632f	Error: ENOENT: no such file or directory, stat '/Users/jordannakamoto/Documents/Programming/SpringProjects/VisualDegree/views/404.html'	GET	/apple-touch-icon-precomposed.png	undefined
20230726	20:10:13	4d13d381-4d6b-436f-87a4-3234c23077e8	Error: ENOENT: no such file or directory, stat '/Users/jordannakamoto/Documents/Programming/SpringProjects/VisualDegree/views/404.html'	GET	/apple-touch-icon.png	undefined
20230726	20:10:13	93d4e57c-18b6-463b-81e7-837b05ad3824	Error: ENOENT: no such file or directory, stat '/Users/jordannakamoto/Documents/Programming/SpringProjects/VisualDegree/views/404.html'	GET	/favicon.ico	undefined
20230726	20:10:22	ecb65b2d-3438-483b-ba4c-97910554a32c	Error: ENOENT: no such file or directory, stat '/Users/jordannakamoto/Documents/Programming/SpringProjects/VisualDegree/views/404.html'	GET	/apple-touch-icon-precomposed.png	undefined
20230726	20:10:22	3654a1ff-52ab-41be-b3ce-426066080a74	Error: ENOENT: no such file or directory, stat '/Users/jordannakamoto/Documents/Programming/SpringProjects/VisualDegree/views/404.html'	GET	/apple-touch-icon.png	undefined
20230726	20:10:22	01ec64a8-da8b-43e4-9cfe-b0cfc1e33c46	Error: ENOENT: no such file or directory, stat '/Users/jordannakamoto/Documents/Programming/SpringProjects/VisualDegree/views/404.html'	GET	/favicon.ico	undefined
20230726	20:10:26	34dd3f59-f544-4480-9791-508cd5ceeac2	Error: ENOENT: no such file or directory, stat '/Users/jordannakamoto/Documents/Programming/SpringProjects/VisualDegree/views/404.html'	GET	/apple-touch-icon-precomposed.png	undefined
20230726	20:10:26	4319850f-d676-412b-a685-274bf2298e93	Error: ENOENT: no such file or directory, stat '/Users/jordannakamoto/Documents/Programming/SpringProjects/VisualDegree/views/404.html'	GET	/apple-touch-icon.png	undefined
20230726	20:10:26	6e3de537-e780-4622-b2cb-eb8d6df5441f	Error: ENOENT: no such file or directory, stat '/Users/jordannakamoto/Documents/Programming/SpringProjects/VisualDegree/views/404.html'	GET	/favicon.ico	undefined
20230726	20:10:27	d7450bd8-8db1-481a-a525-88f8a0349707	Error: ENOENT: no such file or directory, stat '/Users/jordannakamoto/Documents/Programming/SpringProjects/VisualDegree/views/404.html'	GET	/apple-touch-icon-precomposed.png	undefined
20230726	20:10:27	34e55673-d874-4485-9dcf-16b397cd1d08	Error: ENOENT: no such file or directory, stat '/Users/jordannakamoto/Documents/Programming/SpringProjects/VisualDegree/views/404.html'	GET	/apple-touch-icon.png	undefined
20230726	20:10:27	0de63432-1a66-48c0-ae4f-8371bb94c114	Error: ENOENT: no such file or directory, stat '/Users/jordannakamoto/Documents/Programming/SpringProjects/VisualDegree/views/404.html'	GET	/favicon.ico	undefined
20230726	20:11:00	d63e2429-4af6-4e31-8429-640433da6970	Error: ENOENT: no such file or directory, stat '/Users/jordannakamoto/Documents/Programming/SpringProjects/VisualDegree/views/404.html'	GET	/apple-touch-icon-precomposed.png	undefined
20230726	20:11:00	294229d9-be2a-4dec-acc7-680ec5e991e1	Error: ENOENT: no such file or directory, stat '/Users/jordannakamoto/Documents/Programming/SpringProjects/VisualDegree/views/404.html'	GET	/apple-touch-icon.png	undefined
20230726	20:11:00	48201a28-d913-4fe8-bb85-a72e21362ec9	Error: ENOENT: no such file or directory, stat '/Users/jordannakamoto/Documents/Programming/SpringProjects/VisualDegree/views/404.html'	GET	/favicon.ico	undefined
20230726	20:11:20	7081f7e5-acf5-45be-aa11-75289882a9d6	Error: ENOENT: no such file or directory, stat '/Users/jordannakamoto/Documents/Programming/SpringProjects/VisualDegree/views/404.html'	GET	/apple-touch-icon-precomposed.png	undefined
20230726	20:11:20	1b796cb0-3093-4796-b6af-b1f3288e142a	Error: ENOENT: no such file or directory, stat '/Users/jordannakamoto/Documents/Programming/SpringProjects/VisualDegree/views/404.html'	GET	/apple-touch-icon.png	undefined
20230726	20:11:20	305e2494-fe13-4647-a5c2-d5599fca80d4	Error: ENOENT: no such file or directory, stat '/Users/jordannakamoto/Documents/Programming/SpringProjects/VisualDegree/views/404.html'	GET	/favicon.ico	undefined
20230726	20:11:51	b3b691a7-669d-4a64-9813-cc021b7e7e45	Error: ENOENT: no such file or directory, stat '/Users/jordannakamoto/Documents/Programming/SpringProjects/VisualDegree/views/404.html'	GET	/apple-touch-icon-precomposed.png	undefined
20230726	20:11:51	80ae1b06-50eb-470e-bc70-b26b25f3cd22	Error: ENOENT: no such file or directory, stat '/Users/jordannakamoto/Documents/Programming/SpringProjects/VisualDegree/views/404.html'	GET	/apple-touch-icon.png	undefined
20230726	20:11:51	b55fb708-61df-40c1-b571-8ccb6e1f9c17	Error: ENOENT: no such file or directory, stat '/Users/jordannakamoto/Documents/Programming/SpringProjects/VisualDegree/views/404.html'	GET	/favicon.ico	undefined
20230726	20:12:50	58e16fa3-97ba-4c82-9906-07e0c6658282	Error: ENOENT: no such file or directory, stat '/Users/jordannakamoto/Documents/Programming/SpringProjects/VisualDegree/views/404.html'	POST	/api/validate-jwt	http://localhost:3000
20230726	20:43:07	70455009-bfdd-4199-88f9-b5dabb2ee2ee	Error: ENOENT: no such file or directory, stat '/Users/jordannakamoto/Documents/Programming/SpringProjects/VisualDegree/views/404.html'	GET	/apple-touch-icon-precomposed.png	undefined
20230726	20:43:07	e2a5b687-f096-46ff-abae-8d6db7a24f31	Error: ENOENT: no such file or directory, stat '/Users/jordannakamoto/Documents/Programming/SpringProjects/VisualDegree/views/404.html'	GET	/apple-touch-icon.png	undefined
20230726	20:43:07	c12a112a-efc1-40ab-b96e-11b1b2744c8c	Error: ENOENT: no such file or directory, stat '/Users/jordannakamoto/Documents/Programming/SpringProjects/VisualDegree/views/404.html'	GET	/favicon.ico	undefined
20230726	20:43:30	e5375f41-282b-4bbf-b299-bfa7359337e1	Error: ENOENT: no such file or directory, stat '/Users/jordannakamoto/Documents/Programming/SpringProjects/VisualDegree/views/404.html'	GET	/apple-touch-icon-precomposed.png	undefined
20230726	20:43:30	43282d77-f3a3-4dbb-b488-9586237fff74	Error: ENOENT: no such file or directory, stat '/Users/jordannakamoto/Documents/Programming/SpringProjects/VisualDegree/views/404.html'	GET	/apple-touch-icon.png	undefined
20230726	20:43:30	2cf2590d-237e-44df-949c-12792f3dd36d	Error: ENOENT: no such file or directory, stat '/Users/jordannakamoto/Documents/Programming/SpringProjects/VisualDegree/views/404.html'	GET	/favicon.ico	undefined
20230726	21:02:26	4c60377b-f837-413e-ad5e-092c46706f68	Error: ENOENT: no such file or directory, stat '/Users/jordannakamoto/Documents/Programming/SpringProjects/VisualDegree/views/404.html'	GET	/apple-touch-icon.png	undefined
20230726	21:02:26	e9dd300d-a074-4880-8a35-987d1faa4406	Error: ENOENT: no such file or directory, stat '/Users/jordannakamoto/Documents/Programming/SpringProjects/VisualDegree/views/404.html'	GET	/apple-touch-icon-precomposed.png	undefined
20230726	21:02:26	de8ec0e4-81a0-44dd-bf3e-641655b7d7b8	Error: ENOENT: no such file or directory, stat '/Users/jordannakamoto/Documents/Programming/SpringProjects/VisualDegree/views/404.html'	GET	/favicon.ico	undefined
20230726	21:04:29	d70d121a-663e-490b-8e92-130a6dfe58ec	Error: ENOENT: no such file or directory, stat '/Users/jordannakamoto/Documents/Programming/SpringProjects/VisualDegree/views/404.html'	GET	/favicon.ico	undefined
20230726	21:16:19	8c5e727c-8ab1-48e1-bf00-b89f9bddc757	Error: ENOENT: no such file or directory, stat '/Users/jordannakamoto/Documents/Programming/SpringProjects/VisualDegree/views/404.html'	GET	/favicon.ico	undefined
20230726	21:41:14	e937d66b-dcaf-41e2-ba73-760725314218	Error: ENOENT: no such file or directory, stat '/Users/jordannakamoto/Documents/Programming/SpringProjects/VisualDegree/views/404.html'	GET	/apple-touch-icon-precomposed.png	undefined
20230726	21:41:14	a2283808-601c-40fa-8ce5-c71da5b5d43c	Error: ENOENT: no such file or directory, stat '/Users/jordannakamoto/Documents/Programming/SpringProjects/VisualDegree/views/404.html'	GET	/apple-touch-icon.png	undefined
20230726	21:41:14	150ad81d-e430-48d1-8f77-0a33d0be9ddb	Error: ENOENT: no such file or directory, stat '/Users/jordannakamoto/Documents/Programming/SpringProjects/VisualDegree/views/404.html'	GET	/favicon.ico	undefined
20230726	21:43:27	4f67f15a-022e-4ecc-a770-42a5d05d9a8d	Error: ENOENT: no such file or directory, stat '/Users/jordannakamoto/Documents/Programming/SpringProjects/VisualDegree/views/404.html'	GET	/favicon.ico	undefined
20230726	21:47:42	d58bbaae-4829-4858-adcb-1cbfb6a0e740	Error: ENOENT: no such file or directory, stat '/Users/jordannakamoto/Documents/Programming/SpringProjects/VisualDegree/views/404.html'	GET	/favicon.ico	undefined
20230726	21:51:07	d0496108-7c9a-42cf-b073-7e14d5148729	Error: The default Firebase app does not exist. Make sure you call initializeApp() before using any of the Firebase services.	GET	/app	undefined
20230726	21:59:35	b64184e3-2335-408c-9f9c-474273f1dceb	Error: ENOENT: no such file or directory, stat '/Users/jordannakamoto/Documents/Programming/SpringProjects/VisualDegree/views/404.html'	GET	/apple-touch-icon-precomposed.png	undefined
20230726	21:59:35	2243cc19-1026-422d-9a62-20d6b6bea0ea	Error: ENOENT: no such file or directory, stat '/Users/jordannakamoto/Documents/Programming/SpringProjects/VisualDegree/views/404.html'	GET	/apple-touch-icon.png	undefined
20230726	21:59:35	13a3678d-c46d-47b0-bb42-ddf3147b08d2	Error: ENOENT: no such file or directory, stat '/Users/jordannakamoto/Documents/Programming/SpringProjects/VisualDegree/views/404.html'	GET	/favicon.ico	undefined
20230726	22:12:19	a701f572-d814-43c4-877c-156941135789	Error: ENOENT: no such file or directory, stat '/Users/jordannakamoto/Documents/Programming/SpringProjects/VisualDegree/views/404.html'	GET	/apple-touch-icon-precomposed.png	undefined
20230726	22:12:19	22b91515-0ed7-43a6-bca8-de7eed89ef18	Error: ENOENT: no such file or directory, stat '/Users/jordannakamoto/Documents/Programming/SpringProjects/VisualDegree/views/404.html'	GET	/apple-touch-icon.png	undefined
20230726	22:12:19	f20af5d8-822d-4a4a-b7c1-89f758d884ea	Error: ENOENT: no such file or directory, stat '/Users/jordannakamoto/Documents/Programming/SpringProjects/VisualDegree/views/404.html'	GET	/favicon.ico	undefined
20230726	22:12:34	6ba6acac-27b8-47f6-a842-b8891c2a762b	Error: ENOENT: no such file or directory, stat '/Users/jordannakamoto/Documents/Programming/SpringProjects/VisualDegree/views/404.html'	GET	/apple-touch-icon-precomposed.png	undefined
20230726	22:12:34	a5a436fa-c018-4f5d-a3b9-ba19b9d54c60	Error: ENOENT: no such file or directory, stat '/Users/jordannakamoto/Documents/Programming/SpringProjects/VisualDegree/views/404.html'	GET	/apple-touch-icon.png	undefined
20230726	22:12:34	3506c4dc-df8f-4e6f-9a67-19589f3aa300	Error: ENOENT: no such file or directory, stat '/Users/jordannakamoto/Documents/Programming/SpringProjects/VisualDegree/views/404.html'	GET	/favicon.ico	undefined
20230726	22:32:27	a0441932-09fe-46d3-9c9a-f93988649e8c	Error: ENOENT: no such file or directory, stat '/Users/jordannakamoto/Documents/Programming/SpringProjects/VisualDegree/views/404.html'	GET	/apple-touch-icon-precomposed.png	undefined
20230726	22:32:27	0d4b066f-da3c-4d0e-b955-e92ae8885821	Error: ENOENT: no such file or directory, stat '/Users/jordannakamoto/Documents/Programming/SpringProjects/VisualDegree/views/404.html'	GET	/apple-touch-icon.png	undefined
20230726	22:32:27	467e273e-6857-444c-b8bf-42bb9f151b32	Error: ENOENT: no such file or directory, stat '/Users/jordannakamoto/Documents/Programming/SpringProjects/VisualDegree/views/404.html'	GET	/favicon.ico	undefined
20230726	23:06:24	d6898e95-dcd0-4552-a783-e15de452997d	Error: ENOENT: no such file or directory, stat '/Users/jordannakamoto/Documents/Programming/SpringProjects/VisualDegree/views/404.html'	GET	/apple-touch-icon-precomposed.png	undefined
20230726	23:06:25	33bec860-57ec-41f5-bcd6-1a6092d1e411	Error: ENOENT: no such file or directory, stat '/Users/jordannakamoto/Documents/Programming/SpringProjects/VisualDegree/views/404.html'	GET	/apple-touch-icon.png	undefined
20230726	23:06:25	7a73d484-2be2-4efd-aa0f-86ecfaef258d	Error: ENOENT: no such file or directory, stat '/Users/jordannakamoto/Documents/Programming/SpringProjects/VisualDegree/views/404.html'	GET	/favicon.ico	undefined
>>>>>>> e344b9e (firebase auth)
