20230620	12:22:48	cdcbc6cf-294a-44d4-b03e-b31d84a9c738	GET	/	undefined
20230620	12:22:48	2f3feb07-9d7a-4d27-8c36-20eb2c0239ea	GET	/website/landingPage/landing.css	undefined
20230620	12:22:48	74e666ab-cf33-485e-b0ee-d26dbbd997db	GET	/website/main.js	http://localhost:3000
20230620	12:22:49	9ea4cc6a-0584-4928-a787-38e8ae0e7a52	GET	/website/assets/images/hero_c.png	undefined
20230620	12:22:50	c1edeba4-c847-4025-8dab-692da4e4bad9	GET	/favicons/vd_favicon32.png	undefined
20230620	12:24:16	53ab38c9-5bad-4dfd-a63e-7e4ef1d5a452	GET	/app	undefined
20230620	12:24:16	1670b5b1-f907-48af-a6ac-f95927341b77	GET	/webapp/assets/index-6deff6ec.css	undefined
20230620	12:24:16	f354ec8a-bcda-49b0-a664-1043c5b433ac	GET	/webapp/assets/index-a983bb73.js	http://localhost:3000
20230620	12:24:16	ed3b349e-df59-49db-9849-5781c76eada8	GET	/favicons/vd_favicon32.png	undefined
20230620	12:27:39	8f2adc01-bf7c-4974-9a56-e45e66c19c32	GET	/app	undefined
20230620	12:27:39	cd456444-0519-4c5b-a197-4c275c564a9a	GET	/webapp/assets/index-6deff6ec.css	undefined
20230620	12:27:39	c9ae5ab7-5149-463c-919a-47ecf1db3938	GET	/webapp/assets/index-a983bb73.js	http://localhost:3000
20230620	12:27:39	7b2ca454-5876-4932-b63a-3b9f3747e97f	GET	/favicons/vd_favicon32.png	undefined
20230620	12:27:57	07a3208c-8ab7-4bed-b9f3-26dcd8112708	GET	/webapp/assets/index-6deff6ec.css	undefined
20230620	12:29:32	7bed23d3-6ef2-4b53-abeb-15ef73beddff	GET	/app	undefined
20230620	12:29:32	0bab7d8e-9119-44aa-ac00-26e4f5cf03c6	GET	/webapp/assets/index-6deff6ec.css	undefined
20230620	12:29:32	c32792e5-ba6a-4a71-a267-22b5a9d51d22	GET	/webapp/assets/index-a983bb73.js	http://localhost:3000
20230620	12:29:33	6b2d3efa-8b8c-492d-8c63-9b8dee12a1c3	GET	/favicons/vd_favicon32.png	undefined
20230620	12:39:21	543e87b9-848e-4f5b-ba21-23906d2d7030	GET	/app	undefined
20230620	12:39:21	ecf0a077-b994-4836-a6eb-480397c53c7c	GET	/webapp/assets/index-6deff6ec.css	undefined
20230620	12:39:21	347e0610-2e73-4c69-b74f-2fe60b2ed77f	GET	/webapp/assets/index-a983bb73.js	http://localhost:3000
20230620	12:39:21	74286ecb-fc37-4514-9dd1-ceb1246f593a	GET	/favicons/vd_favicon32.png	undefined
20230620	12:39:42	f2850ad1-fb37-4ddf-b08f-fdee59d05689	GET	/app	undefined
20230620	12:39:42	44b875c8-485a-493c-8d3d-44c31c93c4d2	GET	/webapp/assets/index-6deff6ec.css	undefined
20230620	12:39:42	4157df3f-2af6-4c3a-81ee-ae1a99b2261d	GET	/webapp/assets/index-a983bb73.js	http://localhost:3000
20230620	12:39:42	61c2f9bb-2ebb-44e1-a5d0-285805a6d18c	GET	/favicons/vd_favicon32.png	undefined
20230620	12:39:47	eb2aeacc-3e85-4def-a2fe-2699206291aa	GET	/	undefined
20230620	12:39:47	4e32ab18-8042-4dfa-b677-9dd87f2c1993	GET	/website/landingPage/landing.css	undefined
20230620	12:39:47	8f143aaa-05a3-451b-b537-dfaf8b8344de	GET	/website/main.js	http://localhost:3000
20230620	12:39:47	23bc63dc-6719-4131-a44e-35fc99fc7a2f	GET	/website/assets/images/hero_c.png	undefined
20230620	12:39:47	ef642c95-9dc1-4ba4-bca4-0b896623eb2b	GET	/favicons/vd_favicon32.png	undefined
20230620	12:40:00	f783ed8e-2eab-4d08-9bfc-9652d81e46a4	GET	/app	undefined
20230620	12:40:00	536253cc-e981-4feb-826a-82b630373ab2	GET	/webapp/assets/index-6deff6ec.css	undefined
20230620	12:40:00	a5efd1a9-f65f-4030-a599-0ed59a9deedd	GET	/webapp/assets/index-a983bb73.js	http://localhost:3000
20230620	12:40:00	ddb6b25a-ba94-4104-b9fb-c8804e70f2a6	GET	/favicons/vd_favicon32.png	undefined
20230620	12:55:24	2c56f4e0-990a-4c3b-99ca-466dc5412018	GET	/	undefined
20230620	12:55:24	7df6e35c-c3d2-4849-9ee3-4b5e22db38b4	GET	/website/landingPage/landing.css	undefined
20230620	12:55:24	25b02823-b348-4d3f-ba57-916ac387cc34	GET	/website/main.js	http://localhost:3000
20230620	12:55:24	92854f77-b04f-4298-9fb7-b7118c84e0e6	GET	/website/assets/images/hero_c.png	undefined
20230620	12:55:25	58039cdb-47db-4cdf-a87d-f326305d05c3	GET	/favicons/vd_favicon32.png	undefined
20230620	12:55:45	9e64817f-4cc4-47d9-8b0d-da90d387d3ad	GET	/app	undefined
20230620	12:55:45	fbd5f869-cf41-4445-80c7-2a5c10f1308f	GET	/webapp/assets/index-6deff6ec.css	undefined
20230620	12:55:45	1dc60b92-b7d9-4e24-8f25-3c42021a285a	GET	/webapp/assets/index-a983bb73.js	http://localhost:3000
20230620	12:55:45	6548c048-9fb4-4249-8667-dd2416861379	GET	/favicons/vd_favicon32.png	undefined
20230620	13:01:33	78f93383-fcfd-4d83-b643-4889c0867b3e	GET	/	undefined
20230620	13:01:33	79143a01-30c4-4b34-821c-01691330e2ac	GET	/website/landingPage/landing.css	undefined
20230620	13:01:33	01803c4e-6031-4686-a39a-6bf0d15b2260	GET	/website/main.js	http://localhost:3000
20230620	13:01:33	40766008-dfb2-465d-81d2-82642d19e078	GET	/website/assets/images/hero_c.png	undefined
20230620	13:01:33	058e5ae3-1be2-49c4-ac30-8ab56a861b77	GET	/favicons/vd_favicon32.png	undefined
20230620	13:01:50	57f27a36-6dc3-4b86-af5c-7808f673cdd8	GET	/	undefined
20230620	13:01:50	0dce886f-9bcc-4b10-9a16-cc6216630136	GET	/website/landingPage/landing.css	undefined
20230620	13:01:50	2229a208-d085-4508-bd76-bcff5a1908d2	GET	/website/main.js	http://localhost:3000
20230620	13:01:50	0a798183-b348-47c7-aabc-9804f4d01e71	GET	/website/assets/images/hero_c.png	undefined
20230620	13:01:50	3c69da7d-ea97-46fd-9b0b-962b98f33826	GET	/favicons/vd_favicon32.png	undefined
20230620	13:02:31	886781c9-bfd0-4a5e-8e73-58c2569ab191	GET	/	undefined
20230620	13:02:31	f52b0118-5998-4e55-abfc-705a926db6d0	GET	/website/landingPage/landing.css	undefined
20230620	13:02:31	1eca2b90-41c4-4874-bd05-a6eac14c00d6	GET	/website/main.js	http://localhost:3000
20230620	13:02:31	2839c607-d44e-41ed-871e-06f4fa9915ae	GET	/website/assets/images/hero_c.png	undefined
20230620	13:02:31	a1a8836f-5b63-4880-945e-9243acd457e9	GET	/favicons/vd_favicon32.png	undefined
20230620	13:03:09	1afe83d9-76c0-454e-bbc2-113a780d2d33	GET	/	undefined
20230620	13:03:09	630db1c2-91b0-4b93-91e9-c8395fcd8641	GET	/website/landingPage/landing.css	undefined
20230620	13:03:09	330c5de4-949d-4f0b-bde8-77c462041e06	GET	/website/main.js	http://localhost:3000
20230620	13:03:09	d1cb14c0-585e-43c0-9871-5eed283c8dc7	GET	/website/assets/images/hero_c.png	undefined
20230620	13:03:09	5b7f1906-605b-490c-afdd-4720ec1ec2d4	GET	/favicons/vd_favicon32.png	undefined
20230620	13:03:36	77aadb5f-e468-4118-a066-09bba79ed731	GET	/app	undefined
20230620	13:03:36	42f5108c-c32c-4278-8761-d3d6bff176f2	GET	/webapp/assets/index-6deff6ec.css	undefined
20230620	13:03:36	7305c436-ccca-461e-9092-e01503303e04	GET	/webapp/assets/index-a983bb73.js	http://localhost:3000
20230620	13:03:37	31e73065-4cc3-4aeb-a541-56a4a30d709f	GET	/favicons/vd_favicon32.png	undefined
20230620	13:04:24	68a7e27f-dcad-4508-a361-865efe1fc74f	GET	/app	undefined
20230620	13:04:24	7d58cf7e-4b07-4bd8-a619-736c29ae1d81	GET	/webapp/assets/index-6deff6ec.css	undefined
20230620	13:04:24	559c51cd-45da-4d47-b80b-1bde4d5d4008	GET	/webapp/assets/index-a983bb73.js	http://localhost:3000
20230620	13:04:24	75cc557a-5953-4a05-95b6-819bbf571117	GET	/favicons/vd_favicon32.png	undefined
20230620	13:11:32	849ebaaa-aee1-4426-82a2-57395a4d3bc0	GET	/app	undefined
20230620	13:11:32	d9068a5c-9ec1-47c0-9bbb-5e3804931645	GET	/webapp/assets/index-6deff6ec.css	undefined
20230620	13:11:32	fd9df28c-9517-4d76-ac1b-7ed21b2708a2	GET	/webapp/assets/index-a983bb73.js	http://localhost:3000
20230620	13:11:32	033f01a8-b3f8-4b02-8820-2dd50acd6513	GET	/favicons/vd_favicon32.png	undefined
20230620	13:11:56	7289f489-6bc3-47ce-9be5-0e84ffdb3658	GET	/	undefined
20230620	13:11:56	eec41c1e-7612-4cd1-af58-31acbb4aab51	GET	/website/landingPage/landing.css	undefined
20230620	13:11:56	9f4e1b1c-a889-4007-94c8-1b76df1fd484	GET	/website/main.js	http://localhost:3000
20230620	13:11:56	7a37829a-5fc7-465b-b4c0-3852cb29fd49	GET	/website/assets/images/hero_c.png	undefined
20230620	13:11:57	62080dfe-d4e1-4a3c-99bb-92ad7549e089	GET	/favicons/vd_favicon32.png	undefined
20230620	13:12:26	61aabf1c-43a3-44ed-ac0d-4aa5e8c4e2df	GET	/app	undefined
20230620	13:12:26	77258866-4d85-4c27-baf1-eea63a58c2e3	GET	/webapp/assets/index-6deff6ec.css	undefined
20230620	13:12:26	47a336e3-4cdd-41e1-8f41-a4e9a7eca60a	GET	/webapp/assets/index-a983bb73.js	http://localhost:3000
20230620	13:12:27	9ae4283f-05b4-4cb7-a558-c1c5d3e56d05	GET	/favicons/vd_favicon32.png	undefined
20230620	13:12:28	ca297ad3-331d-4e54-b30c-41f562f83aae	GET	/favicons/vd_favicon32.png	undefined
20230620	13:12:52	7ec6c8f0-fecf-400a-804a-608eb4876bba	GET	/app	undefined
20230620	13:12:52	e8ba1fbb-13ae-4f18-84f8-a4f12725735a	GET	/webapp/assets/index-6deff6ec.css	undefined
20230620	13:12:52	3fac6585-d2ef-4f42-a6ab-df113d631db9	GET	/webapp/assets/index-a983bb73.js	http://localhost:3000
20230620	13:12:52	7884f437-07e1-4945-bb13-0a196d846657	GET	/favicons/vd_favicon32.png	undefined
20230620	13:13:06	4050c676-59b9-4550-a7e5-67459c1761d9	GET	/api	undefined
20230620	13:13:06	8504cb08-7366-4642-81d5-2e8cbee3b9ab	GET	/favicon.ico	undefined
20230620	13:15:54	403931c1-e9c0-44e3-8580-64692aadcc6d	GET	/	undefined
20230620	13:15:54	5f4d381b-8835-4e54-91a1-cdb6d780ce95	GET	/website/landingPage/landing.css	undefined
20230620	13:15:54	83185d2d-b5df-4a80-86d8-a774b2e36311	GET	/website/main.js	http://localhost:3000
20230620	13:15:54	304978b2-eee8-4d7e-a4de-04bee7c7f3e5	GET	/website/assets/images/hero_c.png	undefined
20230620	13:15:54	17f9caa3-aa09-4459-b7f5-0d9aa68ec39d	GET	/favicons/vd_favicon32.png	undefined
20230620	13:16:56	fc08f476-4e0d-4589-9e8f-b3e4c3605241	GET	/app	undefined
20230620	13:16:56	d72717cc-cd6a-488a-821a-4dd7d2b0dfb0	GET	/webapp/assets/index-6deff6ec.css	undefined
20230620	13:16:56	2a97e64b-4b2e-4660-9d87-42000c88ada0	GET	/webapp/assets/index-a983bb73.js	http://localhost:3000
20230620	13:16:57	f74b2d13-1f98-42c7-9b9e-453d6be89fda	GET	/favicons/vd_favicon32.png	undefined
20230620	13:17:03	1b10efc3-5736-4b65-8467-71573025b6b7	GET	/	undefined
20230620	13:17:03	90a97883-594c-4bfc-b7a1-d7f092018c69	GET	/website/landingPage/landing.css	undefined
20230620	13:17:03	4789ba3e-33a3-492a-874d-dba8dd711bf3	GET	/website/main.js	http://localhost:3000
20230620	13:17:03	669c9d26-445c-4495-9ddf-264aff81022b	GET	/website/assets/images/hero_c.png	undefined
20230620	13:17:03	afffd1c5-a0fd-4895-b64b-c401866703ac	GET	/favicons/vd_favicon32.png	undefined
20230620	13:17:19	3f0d5eb9-8ee3-4b09-8add-792cfc741d2b	GET	/api	undefined
20230620	13:17:52	9adfa250-bad6-44e1-b57c-2b6bc4742fc8	GET	/app	undefined
20230620	13:17:52	fe8dbaea-560a-40b8-a705-1bd04894d094	GET	/webapp/assets/index-6deff6ec.css	undefined
20230620	13:17:52	171dd074-5e8b-4c62-9cbd-90d53d6ef8c4	GET	/webapp/assets/index-a983bb73.js	http://localhost:3000
20230620	13:17:52	26ee07ed-e8ee-472e-acd8-027a708245bf	GET	/favicons/vd_favicon32.png	undefined
20230620	21:21:47	280dc310-ab77-4d57-96b5-67ea68e36f82	GET	/	undefined
20230620	21:21:47	41ac831f-14fd-4b3c-9017-bfbc2c3d6ceb	GET	/website/main.js	http://localhost:3000
20230620	21:21:47	007b2220-6667-4ae3-af52-a331a1c0d53a	GET	/website/landingPage/landing.css	undefined
20230620	21:21:47	48a08c99-5792-46c1-b1f9-4416b1314e02	GET	/website/assets/images/hero_c.png	undefined
20230620	21:21:47	be69d305-1dc5-4b69-844e-dbdbd236496e	GET	/favicons/vd_favicon32.png	undefined
20230620	21:21:49	07dcafee-a8ac-499b-ace4-9b7841621cee	GET	/app	undefined
20230620	21:21:49	8d4aee66-9985-44d9-bf24-71d16d494460	GET	/webapp/assets/index-d658a6e5.js	http://localhost:3000
20230620	21:21:49	ce8ce653-4902-46e4-8ce8-469e2fd0f6dd	GET	/webapp/assets/index-20a7f651.css	undefined
20230627	08:49:03	9b036ae7-0949-4366-b36a-1ad439ad010d	GET	/	undefined
20230627	08:49:03	64ab02b1-da7e-4d0b-a359-45672bd1622c	GET	/website/main.js	http://localhost:3000
20230627	08:49:03	77baf785-8bf2-4026-b0ac-0239474ae171	GET	/website/landingPage/landing.css	undefined
20230627	08:49:04	12f351eb-b6a3-41f7-b7a5-d997407fba6a	GET	/website/assets/images/hero_c.png	undefined
20230627	08:49:04	5f37d72f-f3d7-4fcc-9994-c814c441507c	GET	/favicons/vd_favicon32.png	undefined
20230627	08:49:04	c90627d4-b507-4eb6-a6aa-9e683136c5b2	GET	/	undefined
20230627	08:49:04	70e99164-5168-4e84-90be-bbadbf22f35c	GET	/website/main.js	http://localhost:3000
20230627	08:49:04	a5b42619-b68b-4185-b98d-62484b872964	GET	/website/landingPage/landing.css	undefined
20230627	08:49:04	3399af90-8e7f-407e-8cf2-46100e4311b0	GET	/website/assets/images/hero_c.png	undefined
20230627	08:49:05	bcc9aeac-fb50-4be1-88f3-740af6c61bf8	GET	/app	undefined
20230627	08:49:05	735f1f47-2325-42e2-849c-d367dcd8d696	GET	/webapp/assets/index-1a52c110.js	http://localhost:3000
20230627	08:49:05	bf564baa-49b9-43c3-bb9b-c37c245631be	GET	/webapp/assets/index-20a7f651.css	undefined
20230627	08:49:06	11faff87-c6e5-4d32-b135-9a269d0703ea	GET	/	undefined
20230627	08:49:06	e8d5c30f-19a1-454b-a60e-20cd1b997a87	GET	/website/main.js	http://localhost:3000
20230627	08:49:06	80deb30e-17e6-4fba-b131-5cfcc93a532f	GET	/website/landingPage/landing.css	undefined
20230627	08:49:06	d74224ff-cd33-4d7a-a98d-2a6fd07a41dd	GET	/website/assets/images/hero_c.png	undefined
20230627	08:49:06	0056d614-c787-478b-a597-fc5845891aa9	GET	/api	undefined
20230627	08:49:06	7dae95b2-13c4-44cc-9398-55f95a8689e2	GET	/webapp/assets/index-1a52c110.js	http://localhost:3000
20230627	08:49:06	2fff30d7-f3a3-44d1-819b-2a3c82285a87	GET	/webapp/assets/index-20a7f651.css	undefined
20230627	08:49:06	e152e24d-2547-427d-a0cf-36bb94aaeb89	GET	/api/courses	undefined
20230627	08:49:35	0c188f8b-2f2d-4ad6-9a2b-d6f686662d5e	GET	/api/course/64795b8708db5d81e71102bb	undefined
20230627	08:49:39	dc745742-5087-46b2-b36c-727ed8f7b225	GET	/api/course/64795b8708db5d81e71102bc	undefined
20230627	09:06:53	7101836d-74c6-4f87-95e2-01d74ceef4ba	GET	/website/main.js	http://localhost:3000
20230627	09:06:53	4ddb6e06-880d-4ad1-aaa4-b57e34ad00ce	GET	/website/landingPage/landing.css	undefined
20230627	09:06:53	915003df-0127-4379-9a60-385ad027ef0a	GET	/	undefined
20230627	09:06:53	5c09cb8a-830d-4a9d-a9ed-1cc014909f87	GET	/website/assets/images/hero_c.png	undefined
20230627	09:06:54	d8a1f3a4-1b6c-4a15-a7b3-695b1cf28d40	GET	/app	undefined
20230627	09:06:54	ed94e708-1904-4d99-8765-b80b6003eb47	GET	/webapp/assets/index-1a52c110.js	http://localhost:3000
20230627	09:06:54	1758e96c-8efe-4dae-81a1-49c79ce311dd	GET	/webapp/assets/index-20a7f651.css	undefined
20230627	09:06:55	49b7915e-ddae-49b3-9935-2e3cb5ed721e	GET	/	undefined
20230627	09:06:55	bdf16a15-761d-4424-b7d5-6142db3a0de9	GET	/website/main.js	http://localhost:3000
20230627	09:06:55	7f2b8a1f-8044-4068-ad3e-3542e4128cd9	GET	/website/landingPage/landing.css	undefined
20230627	09:06:55	0c2d1d31-28d6-426d-943f-144a0a742c88	GET	/website/assets/images/hero_c.png	undefined
20230627	09:06:57	8cdff861-92b4-4ca6-8e80-023e6aac0a30	GET	/api	undefined
20230627	09:06:57	43c785c6-e518-4828-92cd-6adf30f629d0	GET	/webapp/assets/index-1a52c110.js	http://localhost:3000
20230627	09:06:57	ddf39d48-d4e8-48cd-85c3-8d85219c9011	GET	/webapp/assets/index-20a7f651.css	undefined
20230627	09:06:57	b8cc28a1-0ec3-4dad-b1b9-eb26b9169cbc	GET	/api/courses	undefined
20230627	09:07:59	ca3f2e6d-49db-4fe3-96df-88484a010150	GET	/api/course/64795b8708db5d81e71102bb	undefined
20230627	09:08:03	98c3b907-2c3c-42d0-a9a8-f473ceb1caec	GET	/api/course/64795b8708db5d81e71102bb	undefined
20230627	09:08:13	a8ffcda2-4aad-415a-aa84-efae44720f42	GET	/api/course/64795b8808db5d81e7110928	undefined
20230627	09:08:39	2f52fb6c-42dd-4b5c-857c-39acbfe8b7b6	GET	/api/course/64795b8708db5d81e71102bb	undefined
20230627	09:08:44	2e898820-0cf6-49b3-809b-b64df409497b	GET	/api/course/64795b8708db5d81e71102bc	undefined
20230627	09:12:35	207732be-9ff4-4707-aeb4-7c7110df5046	GET	/	undefined
20230627	09:12:35	aa0c2a66-dd6b-4205-bf75-c8475281e22b	GET	/website/main.js	http://localhost:3000
20230627	09:12:35	4f960c82-7391-4f43-929f-ce87c3a04a91	GET	/website/landingPage/landing.css	undefined
20230627	09:12:35	b9279a00-a0c3-4a1f-b1e8-2f4d2c7a6da4	GET	/website/assets/images/hero_c.png	undefined
20230627	09:13:56	790bad5f-0ff7-415e-a883-bfbcc6d37c7e	GET	/	undefined
20230627	09:13:56	a32bef91-694d-4566-9c00-adfef3b51677	GET	/website/main.js	http://localhost:3000
20230627	09:13:56	911f5ced-efdc-4a24-98a4-c721db777603	GET	/website/landingPage/landing.css	undefined
20230627	09:13:56	cab20d8a-cf04-426a-b938-3e8d5a6f9426	GET	/website/assets/images/hero_c.png	undefined
20230627	19:50:18	686e01db-108c-4b70-ab60-7398d3857a08	GET	/	undefined
20230627	19:50:18	9ab3cc76-7a74-4ff2-a66f-7e832292b1e7	GET	/website/main.js	http://localhost:3000
20230627	19:50:18	e217ed3c-018b-462a-ad42-05cda7599051	GET	/website/landingPage/landing.css	undefined
20230627	19:50:18	b779b976-bd05-426d-8a58-a8eb6503dd28	GET	/website/assets/images/hero_c.png	undefined
20230627	19:50:18	4ff7b955-4962-4688-9710-37f12565c391	GET	/favicons/vd_favicon32.png	undefined
20230627	19:51:09	0257d2ab-e4a2-419a-87de-c45ebcfcdb34	GET	/app	undefined
20230627	19:51:09	aacb72aa-2fdf-4b01-ad55-427f709dcc63	GET	/webapp/assets/index-1a52c110.js	http://localhost:3000
20230627	19:51:09	11ac1ed3-ea1a-492c-9cba-1b113417e726	GET	/webapp/assets/index-20a7f651.css	undefined
20230627	19:51:13	6778f227-2c89-47fa-a8fa-9b6bf8fd1965	GET	/api	undefined
20230627	19:51:13	13c9e88a-f7d3-468a-92dd-544e0ab5d525	GET	/webapp/assets/index-1a52c110.js	http://localhost:3000
20230627	19:51:13	112d17d3-9f42-4de7-94a9-d241a72a6d87	GET	/webapp/assets/index-20a7f651.css	undefined
20230627	19:51:13	afcd750c-4a71-4e30-b479-d2acdd03962b	GET	/api/courses	undefined
20230627	19:59:24	880ffb3f-827e-48b5-83e5-f67becfbfdd2	GET	/	undefined
20230627	19:59:24	8391c9c0-d645-4d73-a174-b7240ae0fecf	GET	/website/main.js	http://localhost:3000
20230627	19:59:24	24b93ba1-9b9d-40de-9aaf-1c6ecaea272a	GET	/website/landingPage/landing.css	undefined
20230627	19:59:24	39dda971-b7d9-4db1-af82-8268ee25edf7	GET	/website/assets/images/hero_c.png	undefined
20230627	19:59:25	1d0b4b17-e4f6-48af-80e5-d2871162d920	GET	/api	undefined
20230627	19:59:25	d26b44b4-8a39-4092-8e58-39a1b97280e4	GET	/webapp/assets/index-f10dc9c8.js	http://localhost:3000
20230627	19:59:25	08653807-cc77-4169-ad86-0a8f397ff4e8	GET	/webapp/assets/index-20a7f651.css	undefined
20230627	19:59:25	352935bb-3b6b-450d-bd98-3d553eda57cd	GET	/api/courses	undefined
20230627	20:01:38	9cdf3b51-9061-4d40-a33c-171e1dba8034	GET	/api	undefined
20230627	20:01:38	27c75657-057a-448f-99ef-a1db164cc488	GET	/webapp/assets/index-22612329.js	http://localhost:3000
20230627	20:01:38	d7e80f56-50f5-4c5c-a69d-b26572ef0cdb	GET	/webapp/assets/index-20a7f651.css	undefined
20230627	20:01:38	d99f743f-5f94-49db-ac34-2ff374b8371b	GET	/api/courses	undefined
20230627	20:01:38	88c2ee8a-1806-43b1-b9e5-4426e52f7718	GET	/favicons/vd_favicon32.png	undefined
20230627	20:03:44	b549750f-0ed2-4534-ab3b-fee8d98a18bb	GET	/	undefined
20230627	20:03:44	7513ddba-b3f6-427e-8f94-298c8a1e8ffd	GET	/website/main.js	http://localhost:3000
20230627	20:03:44	baeeff14-d079-445e-a38c-b54430d3bdae	GET	/website/landingPage/landing.css	undefined
20230627	20:03:44	3d42af7a-7ff4-446c-95d8-93b136bf18bc	GET	/website/assets/images/hero_c.png	undefined
20230627	20:03:44	4c60fee8-e6d1-4333-9382-185dfa5864b4	GET	/favicons/vd_favicon32.png	undefined
20230627	20:03:45	3bc7ce4e-5021-4d85-be5c-e3eadb0a0caa	GET	/api	undefined
20230627	20:03:45	e25cefb9-92ee-4af3-b6a6-01c42bf93b4d	GET	/webapp/assets/index-70f46522.js	http://localhost:3000
20230627	20:03:45	f1e733f4-7490-4f6c-919b-cc5f752f8a22	GET	/webapp/assets/index-20a7f651.css	undefined
20230627	20:08:30	44287a81-31db-4e8b-a155-2f5f37ffb15d	GET	/api	undefined
20230627	20:08:30	fa8dde85-35aa-4ba8-93df-ab51a820e1e7	GET	/webapp/assets/index-d3bfb80c.js	http://localhost:3000
20230627	20:08:30	2d8fe1b9-6719-4036-894b-83c1f762fe5e	GET	/webapp/assets/index-20a7f651.css	undefined
20230627	20:08:35	f2c15870-27fb-4af9-92a9-ae60427d7577	GET	/	undefined
20230627	20:08:35	f57ef4df-ae8d-4f8a-a9ce-2cfc38319a5f	GET	/website/main.js	http://localhost:3000
20230627	20:08:35	6c885a00-16ad-472b-b6dc-64f38f9edfb1	GET	/website/landingPage/landing.css	undefined
20230627	20:08:35	e0c26dc4-cd91-4cc4-877a-1342014d1394	GET	/website/assets/images/hero_c.png	undefined
20230627	20:13:26	2c9387d8-7995-4c7e-9699-bdc9fd095563	GET	/api	undefined
20230627	20:13:26	5cf442f2-0aa4-40fd-8138-54d8111d7fde	GET	/webapp/assets/index-0b5ed257.js	http://localhost:3000
20230627	20:13:26	1fdf7451-bcef-4d6f-86ea-6a4a7d3645ff	GET	/webapp/assets/index-20a7f651.css	undefined
20230627	20:13:30	3dc6fb52-0de3-45d1-98c8-423ed7ba357a	GET	/app	undefined
20230627	20:13:30	749194e5-201c-4889-ba30-f5f7d538e088	GET	/webapp/assets/index-0b5ed257.js	http://localhost:3000
20230627	20:13:30	2d22c9ea-c742-45cb-a905-1a080f10b95b	GET	/webapp/assets/index-20a7f651.css	undefined
20230627	20:13:32	3b56cf64-310e-4b04-a9d9-a3cad9ebadfd	GET	/api	undefined
20230627	20:13:32	90d621cd-b6cf-46b5-9f03-a9513b5005e0	GET	/webapp/assets/index-0b5ed257.js	http://localhost:3000
20230627	20:13:32	5d0ca8a7-b134-4ce4-b8b8-9b3137b646fc	GET	/webapp/assets/index-20a7f651.css	undefined
20230627	20:18:28	4607d84a-4ae1-4600-ad13-17682bf27760	GET	/api	undefined
20230627	20:18:28	69579777-1356-4d00-aabe-bfeb02d5ccff	GET	/webapp/assets/index-b6902f10.js	http://localhost:3000
20230627	20:18:28	0eb79078-26ef-4abe-b2e8-76d66ca4986d	GET	/webapp/assets/index-20a7f651.css	undefined
20230627	20:18:32	d68475d5-e840-45da-baaa-2412fab82397	GET	/app	undefined
20230627	20:18:32	d3dfb7de-f1be-4993-acc7-cf344ee382e9	GET	/webapp/assets/index-b6902f10.js	http://localhost:3000
20230627	20:18:32	c3913179-2d8a-456c-8f5e-11216e1ce434	GET	/webapp/assets/index-20a7f651.css	undefined
20230627	20:18:34	c7534f47-c738-4dbf-a573-b5a5496c739a	GET	/api	undefined
20230627	20:18:34	90471577-7909-4851-834b-b73574bfad80	GET	/webapp/assets/index-b6902f10.js	http://localhost:3000
20230627	20:18:34	de9ca5be-3ae1-4086-a0f4-89442ee37fc3	GET	/webapp/assets/index-20a7f651.css	undefined
20230627	20:19:30	bc4839d1-e722-4249-9dba-e12858023af3	GET	/	undefined
20230627	20:19:30	8dcb655c-f130-4949-a7ee-ac778bf85c0d	GET	/website/main.js	http://localhost:3000
20230627	20:19:30	2316b211-5d6e-40db-9db9-76063dc129bf	GET	/website/landingPage/landing.css	undefined
20230627	20:19:30	7e852b17-c763-45c9-9562-3377d86d8264	GET	/website/assets/images/hero_c.png	undefined
20230627	20:25:04	70aeb4ba-d022-4b54-90cb-0eae2a101744	GET	/	undefined
20230627	20:25:04	6457c13e-4c05-48d1-8b30-e82dbaaa97b7	GET	/website/main.js	http://localhost:3000
20230627	20:25:04	b7ef409d-b4fa-4695-b584-b9ba8a18234d	GET	/website/landingPage/landing.css	undefined
20230627	20:25:05	2dc3b0c8-527a-43e4-876d-0863ce7cad30	GET	/website/assets/images/hero_c.png	undefined
20230627	20:25:05	d6aee488-3960-4f85-bb09-04089b29d6b3	GET	/api	undefined
20230627	20:25:05	f284617a-229a-43c8-a7fc-074ece148c7b	GET	/webapp/assets/index-4c96a025.js	http://localhost:3000
20230627	20:25:05	961f7387-f690-4846-99c9-e023720f32b4	GET	/webapp/assets/index-20a7f651.css	undefined
20230627	20:26:53	3cf54c97-a5e4-4dfd-9a6c-fac683038b85	GET	/	undefined
20230627	20:26:53	1ddad64c-d4a2-498e-ab0d-e526f99e4296	GET	/website/main.js	http://localhost:3000
20230627	20:26:53	b3b0910c-533f-457a-a601-b4a9d28299c3	GET	/website/landingPage/landing.css	undefined
20230627	20:26:53	5325b67f-3101-4613-bc36-19b14104bb74	GET	/website/assets/images/hero_c.png	undefined
20230627	20:26:55	28d48da1-8cec-491b-9ca7-0dd5cbb37809	GET	/api	undefined
20230627	20:26:55	d171ff6b-53a8-4e29-a82d-4e41e81debd3	GET	/webapp/assets/index-4c96a025.js	http://localhost:3000
20230627	20:26:55	9e454591-8313-4321-a72b-15f32d5fe8d0	GET	/webapp/assets/index-20a7f651.css	undefined
20230627	20:27:41	14df9f06-a1ff-46ac-89b1-bbbc9312e669	GET	/api	undefined
20230627	20:27:41	f1f69cc5-5952-4794-9876-a8b56d4711de	GET	/webapp/assets/index-82a2048c.js	http://localhost:3000
20230627	20:27:41	1e692226-6cba-4858-98be-b1ae8997cab6	GET	/webapp/assets/index-20a7f651.css	undefined
20230627	20:27:42	04d9813e-a6d3-4047-8350-5c7740cdf2a9	GET	/	undefined
20230627	20:27:42	b1c6b4c3-3d95-4ff3-96ed-380e8d8bc222	GET	/website/main.js	http://localhost:3000
20230627	20:27:42	06b30013-b8f7-47c2-913c-8ff148b82756	GET	/website/landingPage/landing.css	undefined
20230627	20:27:42	122cf737-4c30-48bd-9667-87534d009ccf	GET	/website/assets/images/hero_c.png	undefined
20230627	20:27:43	4aef9a0e-6637-463c-beeb-83e07aa74a20	GET	/app	undefined
20230627	20:27:43	836d510a-6f24-4263-98c1-ea1155047a56	GET	/webapp/assets/index-82a2048c.js	http://localhost:3000
20230627	20:27:43	c9cc277f-6970-4ec0-802c-4c810dc6adec	GET	/webapp/assets/index-20a7f651.css	undefined
20230627	20:27:44	72e9821e-802c-4b8f-96db-babf167b1733	GET	/	undefined
20230627	20:27:44	aff13dcb-9a2e-4faa-94f0-9bd1a3530aa9	GET	/website/main.js	http://localhost:3000
20230627	20:27:44	12ec99ca-031f-48f5-b9c2-0e6c093a0bca	GET	/website/landingPage/landing.css	undefined
20230627	20:27:44	26a37596-d2dd-43c9-a713-74c799a68e46	GET	/website/assets/images/hero_c.png	undefined
20230627	20:27:44	d912778d-2771-4f02-a708-fb8524abd0b3	GET	/api	undefined
20230627	20:27:44	5578d6eb-681b-4f67-8af2-44612d756577	GET	/webapp/assets/index-82a2048c.js	http://localhost:3000
20230627	20:27:44	4d6edb62-6d25-46c6-bcb2-5272b7ef410d	GET	/webapp/assets/index-20a7f651.css	undefined
20230627	20:29:21	5b8956f4-d483-40b7-884e-c5dbd3923db7	GET	/	undefined
20230627	20:29:21	c7826e1b-8f98-4871-a2df-408c38a37ef0	GET	/website/main.js	http://localhost:3000
20230627	20:29:21	b950a62e-fee6-49d2-bc94-fe8d569be9ef	GET	/website/landingPage/landing.css	undefined
20230627	20:29:21	0fb7fd31-253c-477b-9d85-441e86a351ce	GET	/website/assets/images/hero_c.png	undefined
20230627	20:29:22	59ef8f2f-8187-40e1-affb-f2c8a9dee1c9	GET	/api	undefined
20230627	20:29:22	fe0041b4-c484-449c-8401-79a08425729a	GET	/webapp/assets/index-c63a3f47.js	http://localhost:3000
20230627	20:29:22	c58a9a0e-ee9a-4ee2-9557-0d3ff950c66a	GET	/webapp/assets/index-20a7f651.css	undefined
20230627	20:31:28	72b5e4d4-3632-4fc3-a38f-116bab7734f1	GET	/api	undefined
20230627	20:31:28	3455788e-015e-4758-b5a2-b5aeeae5b9be	GET	/webapp/assets/index-b7413571.js	http://localhost:3000
20230627	20:31:28	5cd3c360-b2ca-43da-bf6b-3a23e8392cce	GET	/webapp/assets/index-20a7f651.css	undefined
20230627	20:31:28	5d2e78e6-1a87-4973-a872-8074e8e833a5	GET	/favicons/vd_favicon32.png	undefined
20230627	20:33:54	d8dd6939-abd2-416f-a108-57c6efd05680	GET	/	undefined
20230627	20:33:54	b51846f8-61d1-4d42-a21f-e2c01ebb075b	GET	/website/main.js	http://localhost:3000
20230627	20:33:54	344834b6-1b72-4cc5-8c94-452c1422a286	GET	/website/landingPage/landing.css	undefined
20230627	20:33:54	87566bd6-c7b8-4507-96d9-f2fc35f03aa0	GET	/website/assets/images/hero_c.png	undefined
20230627	20:33:55	34119dbd-a304-4b45-8ddc-9071ea42e637	GET	/api	undefined
20230627	20:33:55	8d4ac09e-c484-4b22-917c-c5fabf0ea852	GET	/webapp/assets/index-769ecee1.js	http://localhost:3000
20230627	20:33:55	02c3fc7e-263a-4429-a3c4-de891082ff49	GET	/webapp/assets/index-20a7f651.css	undefined
20230627	20:56:32	d4548790-f5f1-4590-9a00-672171213a4d	GET	/api	undefined
20230627	20:56:32	35065404-6ad2-4a48-bbb0-c81ac6d402d3	GET	/webapp/assets/index-2c6267e2.js	http://localhost:3000
20230627	20:56:32	5ad19c1f-d5f9-4f76-ba5f-e6898b32db77	GET	/webapp/assets/index-20a7f651.css	undefined
20230627	20:56:32	02e1f848-ffe5-4294-822f-83ae9e9a8771	GET	/favicons/vd_favicon32.png	undefined
20230627	20:57:04	c8761dd1-aae2-450d-8b53-285ad0cbcb12	GET	/	undefined
20230627	20:57:04	4b1e7005-f616-49ce-b2a0-5f25c4db88d3	GET	/website/main.js	http://localhost:3000
20230627	20:57:04	b7528e18-d812-4446-8ced-a868319fcbca	GET	/website/landingPage/landing.css	undefined
20230627	20:57:04	8fc81d80-5750-4924-bf19-3b35be9e84ed	GET	/website/assets/images/hero_c.png	undefined
20230627	20:57:05	36dd383e-cb0f-43d9-9886-a11a819b0e71	GET	/app	undefined
20230627	20:57:05	53da3c55-a674-4d7b-b628-6f32942bbc8e	GET	/webapp/assets/index-e9a42e24.js	http://localhost:3000
20230627	20:57:05	57fc436c-778f-4f85-9d02-21ba223c016e	GET	/webapp/assets/index-20a7f651.css	undefined
20230627	20:57:06	743f1079-0339-4ea0-88f4-0a7d0422767c	GET	/	undefined
20230627	20:57:06	ecad9b11-e6c6-450a-bf27-5cf1bfb7cdc9	GET	/website/main.js	http://localhost:3000
20230627	20:57:06	bccd9df8-a843-4bae-9ae7-59262641d80f	GET	/website/landingPage/landing.css	undefined
20230627	20:57:06	68ab009c-f5b8-4991-bdff-a445d405cec1	GET	/website/assets/images/hero_c.png	undefined
20230627	20:57:06	6c16755b-dfa5-4353-95e6-22c685213e2a	GET	/api	undefined
20230627	20:57:06	d154efc7-63d5-4406-bb57-b026faf47aa0	GET	/webapp/assets/index-e9a42e24.js	http://localhost:3000
20230627	20:57:06	a3c357d0-4cd6-4099-85c3-0b12d42cba82	GET	/webapp/assets/index-20a7f651.css	undefined
20230627	20:57:06	59a8a449-dc9b-46fa-a6e3-0c60963227dd	GET	/api/courses	undefined
20230627	20:57:29	bee078c6-8ec3-4903-b8ac-d1dca3f07709	GET	/api/courses	undefined
20230627	20:59:51	6f97e21c-9527-46a8-a1e4-406ce6a726e9	GET	/	undefined
20230627	20:59:51	a3a403ba-b449-4cba-bb28-8e85697c124a	GET	/website/main.js	http://localhost:3000
20230627	20:59:51	958872b8-17da-4680-a5af-42e9a6c1d22f	GET	/website/landingPage/landing.css	undefined
20230627	20:59:51	bb24f4d3-fcc1-4bde-aea1-80be601786c9	GET	/website/assets/images/hero_c.png	undefined
20230627	20:59:52	a0d92aca-0591-4daa-88d8-85b997b58445	GET	/app	undefined
20230627	20:59:52	3017ab17-5df2-4243-8b5d-eb3118734827	GET	/webapp/assets/index-655ee152.js	http://localhost:3000
20230627	20:59:52	d1e1f970-fcd8-4406-9e85-b8e2b5cbe5af	GET	/webapp/assets/index-20a7f651.css	undefined
20230627	20:59:52	354bffc7-d812-4d0d-b1a8-0c55f5a6bd43	GET	/	undefined
20230627	20:59:52	344048d9-b1dc-4314-aff2-a6c75a5dd5e6	GET	/website/main.js	http://localhost:3000
20230627	20:59:52	0ec09eb5-6042-41d9-9e38-1e6c61b167a9	GET	/website/landingPage/landing.css	undefined
20230627	20:59:52	186e08c0-1305-42ba-b60f-4e5379eeb8fb	GET	/website/assets/images/hero_c.png	undefined
20230627	20:59:53	9b5d47ed-6e69-43a1-9fc4-0e334fc0b5e2	GET	/api	undefined
20230627	20:59:53	58bae8cf-002f-4d57-8178-9908485c9078	GET	/webapp/assets/index-655ee152.js	http://localhost:3000
20230627	20:59:53	fb3c48e4-1bb5-46a5-90ab-e0db9c695fce	GET	/webapp/assets/index-20a7f651.css	undefined
20230627	21:20:29	cd59b19c-24a6-4136-8e33-a6906c4278d5	GET	/	undefined
20230627	21:20:29	d7b03f17-e200-4775-afe7-f9408a053430	GET	/website/main.js	http://localhost:3000
20230627	21:20:29	2af3ed9e-803c-4a89-8906-904e7badc1b3	GET	/website/landingPage/landing.css	undefined
20230627	21:20:29	d24462c4-942b-4cfb-a2ee-dcdff0627510	GET	/website/assets/images/hero_c.png	undefined
20230627	21:20:30	6903be1b-5746-4472-95d0-c0ac6ba34ac3	GET	/app	undefined
20230627	21:20:30	1492b5bd-aac2-4819-9542-a3dd0eb87cb4	GET	/webapp/assets/index-902fd09b.js	http://localhost:3000
20230627	21:20:30	7d707d41-6d71-4f3b-8408-9e4b27ae5ff6	GET	/webapp/assets/index-20a7f651.css	undefined
20230627	21:20:30	4c346d1e-703b-42e9-85cf-177d2a74c7f2	GET	/	undefined
20230627	21:20:30	d8a4002c-d06e-4078-ab6c-9e8c7ce9a685	GET	/website/main.js	http://localhost:3000
20230627	21:20:30	213447ed-3f82-458e-9beb-002dc82f6ebd	GET	/website/landingPage/landing.css	undefined
20230627	21:20:30	174880cf-67a3-4ef4-bd7b-a35a2ea20b84	GET	/website/assets/images/hero_c.png	undefined
20230627	21:20:31	ea12dbf6-5dcf-4eac-8816-31cb9f32e917	GET	/api	undefined
20230627	21:20:31	8f46dcae-ff45-46ce-8024-46af5f4793b7	GET	/webapp/assets/index-902fd09b.js	http://localhost:3000
20230627	21:20:31	59bbed96-ebf1-457f-afc6-bba79de50034	GET	/webapp/assets/index-20a7f651.css	undefined
20230627	21:27:45	5e62c4d2-2adc-46fb-ae18-decef6aa296c	GET	/	undefined
20230627	21:27:45	a6e64665-dbd3-4e44-8d9c-c009f9c15079	GET	/website/main.js	http://localhost:3000
20230627	21:27:45	5bcace1e-26b9-4bef-b6ca-6027bc79f776	GET	/website/landingPage/landing.css	undefined
20230627	21:27:45	d5a49448-de7f-4ca3-8e36-1098b2f89f66	GET	/website/assets/images/hero_c.png	undefined
20230627	21:27:46	6dfc142a-1b04-4064-82ce-d21c97a1d281	GET	/api	undefined
20230627	21:27:46	aaff05d1-ff36-4eaf-a4bd-e9f37ee61ff7	GET	/webapp/assets/index-23e9e592.js	http://localhost:3000
20230627	21:27:46	fad674d7-8b9d-4b2d-9a11-81e71233751c	GET	/webapp/assets/index-20a7f651.css	undefined
20230627	21:32:35	5b8af572-6494-41db-b5b4-52d2550bba70	GET	/api	undefined
20230627	21:32:35	69c54eb4-db11-4f15-a91c-497b3f02aa24	GET	/webapp/assets/index-446f5e1c.js	http://localhost:3000
20230627	21:32:35	62c5e061-3719-40bd-821f-53b9c6f97123	GET	/webapp/assets/index-20a7f651.css	undefined
20230627	21:32:36	4f3180fe-0481-4a37-966b-6f0667c723db	GET	/api/courses	undefined
20230627	21:34:28	632b7d5b-cee6-499a-81a3-f05d92365e0c	GET	/	undefined
20230627	21:34:28	5b3ae53f-6bfc-4631-b6ae-f214f7cbdbd6	GET	/website/main.js	http://localhost:3000
20230627	21:34:28	ed298a27-4a95-492a-8cad-823e8a2156b4	GET	/website/landingPage/landing.css	undefined
20230627	21:34:28	a761759c-f942-44f2-86ba-731089242616	GET	/website/assets/images/hero_c.png	undefined
20230627	21:34:29	ab49ba69-ebc7-4e3b-a050-f46430ec0c0a	GET	/api	undefined
20230627	21:34:29	d6941f43-1ce0-47dd-9dc5-f1831aedae08	GET	/webapp/assets/index-446f5e1c.js	http://localhost:3000
20230627	21:34:29	f38c485a-3e32-443f-8cb9-517633a3c42c	GET	/webapp/assets/index-20a7f651.css	undefined
20230627	21:34:30	5e2272fe-fd3d-489b-8dce-cce137c7c5d9	GET	/api/courses	undefined
20230627	21:34:32	5511ffc8-a31d-426c-afc3-1d8712778a8c	GET	/	undefined
20230627	21:34:32	e09b00b6-df3c-43cc-8ea9-872b04e6bdd0	GET	/website/main.js	http://localhost:3000
20230627	21:34:32	077436f9-4a16-43cb-8699-ac938cafa454	GET	/website/landingPage/landing.css	undefined
20230627	21:34:32	1ef92994-84c1-46cd-8e2a-c05681259ba4	GET	/website/assets/images/hero_c.png	undefined
20230627	21:34:33	eac02fb7-f4bd-4299-9a83-64b174ffd4c0	GET	/api	undefined
20230627	21:34:33	5ddb8957-8431-49d1-a6f3-06818b364f86	GET	/webapp/assets/index-446f5e1c.js	http://localhost:3000
20230627	21:34:33	3ddbfefb-ca2a-4f09-9905-a073091de9d9	GET	/webapp/assets/index-20a7f651.css	undefined
20230627	21:34:35	c3aa3ed0-dde9-4113-a0f0-a42a9337979a	GET	/api/courses	undefined
20230627	21:36:13	498cd897-2958-407b-8051-e202323d055f	GET	/	undefined
20230627	21:36:13	a2cfb037-dd86-420b-abed-24503b0c8702	GET	/website/main.js	http://localhost:3000
20230627	21:36:13	4be87fbe-35a3-44f8-b656-00b608de8b1f	GET	/website/landingPage/landing.css	undefined
20230627	21:36:14	c6c165c7-6824-444e-a628-93a312063b66	GET	/website/assets/images/hero_c.png	undefined
20230627	21:36:15	91e56170-0e5a-41fb-b60e-d1ac0cd7c16d	GET	/api	undefined
20230627	21:36:15	d76072b3-d28f-42a6-ba60-e93824b5a8e6	GET	/webapp/assets/index-50aeff22.js	http://localhost:3000
20230627	21:36:15	96906585-b2bf-4d9b-9807-4b7fb37131fd	GET	/webapp/assets/index-20a7f651.css	undefined
20230627	21:36:16	f832ff55-5ed3-48ca-a3ff-b9a14ec1a96d	GET	/api/courses	undefined
20230627	21:37:19	e1834229-7b1c-4207-9004-36dcf5eb7e47	GET	/	undefined
20230627	21:37:20	fd29e9d3-56a9-4638-a39a-456a7f7cdfe1	GET	/website/main.js	http://localhost:3000
20230627	21:37:20	a0272ccd-f77b-4346-aa6f-8a673d27cdab	GET	/website/landingPage/landing.css	undefined
20230627	21:37:20	24b3db43-9d96-4422-b838-b639552711b3	GET	/website/assets/images/hero_c.png	undefined
20230627	21:37:21	ac4e318e-c6f7-4d0e-a149-2b14516ead25	GET	/api	undefined
20230627	21:37:21	53ef9a6a-0ff3-4a1c-8b70-8768fb3b8e71	GET	/webapp/assets/index-9cc61a01.js	http://localhost:3000
20230627	21:37:21	5f33a082-68e7-4fc5-8c23-3330dda29bb0	GET	/webapp/assets/index-20a7f651.css	undefined
20230627	21:37:22	1abfea2c-114b-40a4-91b5-93e37412c822	GET	/api/courses	undefined
20230627	21:40:58	df15a010-a0c7-4c4f-a262-51d4a66dbda9	GET	/	undefined
20230627	21:40:58	774a725a-e7e7-4865-82fa-9402f4951359	GET	/website/main.js	http://localhost:3000
20230627	21:40:58	b4a7b0d5-88df-4850-9f7f-f106c78f2786	GET	/website/landingPage/landing.css	undefined
20230627	21:40:59	e91750b9-a331-4443-b07d-184a496ceeba	GET	/website/assets/images/hero_c.png	undefined
20230627	21:41:00	81b5b321-9edd-44cd-b7e7-848157af86f3	GET	/app	undefined
20230627	21:41:00	af286fd5-8c52-47f0-953e-868ee78ca1ec	GET	/webapp/assets/index-8b350365.js	http://localhost:3000
20230627	21:41:00	4e52320f-0e64-48f8-931e-e5a8b657f964	GET	/webapp/assets/index-20a7f651.css	undefined
20230627	21:41:04	d4fc72bb-c9b7-47d4-b815-e919d077b7af	GET	/	undefined
20230627	21:41:04	8cc90737-6800-4f01-a9b8-164a4e71a002	GET	/website/main.js	http://localhost:3000
20230627	21:41:04	e352700e-ac00-4edf-9f05-ec33cd5fe68b	GET	/website/landingPage/landing.css	undefined
20230627	21:41:04	5ed8bca0-b81b-4caf-bfef-8a7229045475	GET	/website/assets/images/hero_c.png	undefined
20230627	21:41:05	6c112e44-0867-41a9-8ae8-f2b22ade8cb8	GET	/api	undefined
20230627	21:41:05	71241d79-3c2f-478c-a2c7-a4fe38ecc7d1	GET	/webapp/assets/index-8b350365.js	http://localhost:3000
20230627	21:41:05	6913c823-b973-4e5c-932a-f2ceea89727d	GET	/webapp/assets/index-20a7f651.css	undefined
20230627	21:43:16	e6cbc6f0-6c94-4b44-94c8-9921cb22a062	GET	/	undefined
20230627	21:43:16	654e75fd-76e4-46ab-a511-7a73bb26e691	GET	/website/main.js	http://localhost:3000
20230627	21:43:16	6e414be3-5259-4347-be14-65a169456b71	GET	/website/landingPage/landing.css	undefined
20230627	21:43:16	d845925a-7ce1-4024-8093-4eec27f42598	GET	/website/assets/images/hero_c.png	undefined
20230627	21:43:17	42d77175-4fa9-40cf-bdd9-f75ec9ec1064	GET	/api	undefined
20230627	21:43:17	77078c12-a685-4cb9-a7a2-39c095bf5af1	GET	/webapp/assets/index-8bf947bd.js	http://localhost:3000
20230627	21:43:17	02412614-5512-426f-9601-85da9eb06838	GET	/webapp/assets/index-20a7f651.css	undefined
20230627	21:43:40	0ceeb1d7-be07-4b83-b5c1-fa3cb8026e48	GET	/	undefined
20230627	21:43:40	524e9c5f-9800-4d74-9fa8-da661fc4c8a2	GET	/website/main.js	http://localhost:3000
20230627	21:43:40	2f0c626c-69a1-4d95-8d26-5003b5e9a0d5	GET	/website/landingPage/landing.css	undefined
20230627	21:43:40	2fc59ce6-3b77-4e24-89f5-efc58740cf24	GET	/website/assets/images/hero_c.png	undefined
20230627	21:43:41	ede9bac7-21fd-48d3-b472-f9b993592675	GET	/api	undefined
20230627	21:43:41	539af7c3-3cb7-4578-a16e-4e6c0e41bf60	GET	/webapp/assets/index-665113ca.js	http://localhost:3000
20230627	21:43:41	ded35970-abfe-441c-9fd9-edaa5731784d	GET	/webapp/assets/index-20a7f651.css	undefined
20230627	21:44:24	df8ef72a-3f29-4271-beef-dbad4d1f0f89	GET	/	undefined
20230627	21:44:24	705fa65e-1135-43f2-bddf-61c309ca3448	GET	/website/main.js	http://localhost:3000
20230627	21:44:24	5e201ea4-3fe1-4c5e-aee7-78fd87a8beef	GET	/website/landingPage/landing.css	undefined
20230627	21:44:24	be6cd988-7d79-43c1-ad07-cd5237846eeb	GET	/website/assets/images/hero_c.png	undefined
20230627	21:44:25	86f3efb2-a8f3-4575-81e6-c1892fa9a055	GET	/api	undefined
20230627	21:44:25	7a340a2a-9f7b-4961-b82d-3ff00c003bf2	GET	/webapp/assets/index-665113ca.js	http://localhost:3000
20230627	21:44:25	13228115-a2d2-448d-ab19-f7acc99a93ed	GET	/webapp/assets/index-20a7f651.css	undefined
20230627	21:45:54	590139c0-170e-4f5a-b4f4-fed590f29047	GET	/api	undefined
20230627	21:45:54	e3d2ebcb-8fca-4bb4-8b30-d5215b3a40c0	GET	/webapp/assets/index-7976241c.js	http://localhost:3000
20230627	21:45:54	4f329139-052d-4507-b5cc-23f3fef0f498	GET	/webapp/assets/index-20a7f651.css	undefined
20230627	21:45:56	1611aac5-26fe-4aa7-9fc1-4253f52e9092	GET	/api/courses	undefined
20230627	21:46:42	d3a1221e-3727-44f7-a186-081420595112	GET	/api/course/64795b8708db5d81e71102bb	undefined
20230627	21:46:49	d8b5ff40-5a13-4791-8a23-f73f7b19eae6	GET	/api/course/64795b8708db5d81e71102bd	undefined
20230627	21:49:48	9c0b6353-37e3-4530-93a8-f8e320ffa891	GET	/	undefined
20230627	21:49:48	694f58d0-5c36-427c-b0a5-f9f4827c085b	GET	/website/main.js	http://localhost:3000
20230627	21:49:48	f1412611-5653-4633-83bb-b54b289aa71d	GET	/website/landingPage/landing.css	undefined
20230627	21:49:48	fa9b1a03-a519-4d84-a6b6-3c2a3285a145	GET	/website/assets/images/hero_c.png	undefined
20230627	21:49:49	72a571bb-5ba3-45e7-8df0-b64f2f03515d	GET	/api	undefined
20230627	21:49:49	d22c7d66-7b4c-4afb-b4b3-3ac72d4c8e4f	GET	/webapp/assets/index-08d30faa.js	http://localhost:3000
20230627	21:49:49	756d470e-2e80-4622-8722-d3a45a50d100	GET	/webapp/assets/index-20a7f651.css	undefined
20230627	21:54:56	167f1e51-6732-4795-bbde-726e6ae6b0c8	GET	/	undefined
20230627	21:54:56	58970981-d875-4e3a-8e20-54c99e3b59bd	GET	/website/main.js	http://localhost:3000
20230627	21:54:56	a596806d-0b9d-479f-bd1e-41e3778033a4	GET	/website/landingPage/landing.css	undefined
20230627	21:54:56	ef002fc3-af93-4665-8529-9661ae8dd600	GET	/website/assets/images/hero_c.png	undefined
20230627	21:54:57	8309d5a3-781c-4972-93b5-86766cf049e7	GET	/api	undefined
20230627	21:54:57	c4423835-8579-48f9-81ea-2947240f04ce	GET	/webapp/assets/index-c09a0fce.js	http://localhost:3000
20230627	21:54:57	5473422f-5957-4250-9446-71f91841c0c4	GET	/webapp/assets/index-e38931b5.css	undefined
20230627	21:55:01	caa5b030-d873-4159-9880-3b5c6cc3b0c0	GET	/api/courses	undefined
20230627	22:04:40	cc2de63e-2df9-4b4d-9c55-d38d80e890da	GET	/	undefined
20230627	22:04:40	6d51d331-616d-40e7-b17c-80fe01ec0a44	GET	/website/main.js	http://localhost:3000
20230627	22:04:40	abf41e54-ad44-4634-80cc-c5f258ce7246	GET	/website/landingPage/landing.css	undefined
20230627	22:04:40	09e2515b-d623-4113-9528-a60439122ebf	GET	/website/assets/images/hero_c.png	undefined
20230627	22:04:41	3ba141fe-f8f7-4ce0-b730-e45e9f3fd560	GET	/app	undefined
20230627	22:04:41	4f2c1aa3-78e4-48ef-b589-490ff98933ac	GET	/webapp/assets/index-4e4c1230.js	http://localhost:3000
20230627	22:04:41	4b01a89f-ab2d-4e8f-9138-9f95f4dcf244	GET	/webapp/assets/index-cd6336fc.css	undefined
20230627	22:04:41	0aedf7f2-fa26-4ac3-b74e-5bfa3b227d18	GET	/	undefined
20230627	22:04:41	362a093c-cd69-4644-a94c-bfad0ceca22f	GET	/website/main.js	http://localhost:3000
20230627	22:04:41	443fac38-3167-499a-8932-51f072c2fdc2	GET	/website/landingPage/landing.css	undefined
20230627	22:04:41	34cb2a23-324c-47bd-9b54-0fed182a0164	GET	/website/assets/images/hero_c.png	undefined
20230627	22:04:42	bf453700-5ad8-4ce2-a7fd-a601fd762f12	GET	/api	undefined
20230627	22:04:42	0b00d7da-ae30-4e4d-9514-1d8eed95ee43	GET	/webapp/assets/index-4e4c1230.js	http://localhost:3000
20230627	22:04:42	8177b6ca-9161-40a0-9d4f-9085b916862b	GET	/webapp/assets/index-cd6336fc.css	undefined
20230627	22:04:45	8d2a4b73-8c86-4f32-b4c4-f3898edee67b	GET	/api/courses	undefined
20230627	22:07:17	683709d6-9663-42b9-9278-675a0874f8fb	GET	/	undefined
20230627	22:07:17	624ac1f7-70b7-4a45-8917-d05e216589eb	GET	/website/main.js	http://localhost:3000
20230627	22:07:17	b12443f1-8ce2-4605-a54b-03815dce5f3c	GET	/website/landingPage/landing.css	undefined
20230627	22:07:17	37bd35d3-3111-4e0d-9345-359a316d8cc3	GET	/website/assets/images/hero_c.png	undefined
20230627	22:07:18	016c332f-7467-46b6-818a-6a691985ab04	GET	/api	undefined
20230627	22:07:18	71b15072-29c8-48a5-9ae1-c7b79fa9b4b2	GET	/webapp/assets/index-cc451ec7.js	http://localhost:3000
20230627	22:07:18	2b47dba4-48b9-4e03-808d-aed2e1874c24	GET	/webapp/assets/index-cd6336fc.css	undefined
20230627	22:07:21	d4599419-f33e-4bea-90c1-14c2cda45ddd	GET	/api/courses	undefined
20230627	22:10:22	1d1c35c2-3f16-43e6-b275-e69da16614ae	GET	/	undefined
20230627	22:10:22	152890f7-c30c-4de6-a0ed-1a28bab3ce8e	GET	/website/main.js	http://localhost:3000
20230627	22:10:22	831340b2-b093-4520-bee8-a1d1d86aec2e	GET	/website/landingPage/landing.css	undefined
20230627	22:10:23	46a0a41f-5df2-4e62-b9a9-5b4d61cdf7b1	GET	/website/assets/images/hero_c.png	undefined
20230627	22:10:23	49d775fc-f576-4499-914b-67a0a01838b1	GET	/api	undefined
20230627	22:10:23	df5faa94-1a39-46f0-b83f-7a298395db07	GET	/webapp/assets/index-b5935e54.js	http://localhost:3000
20230627	22:10:23	890ae9bf-bcc7-4163-bc11-c016b2f6bd10	GET	/webapp/assets/index-cd6336fc.css	undefined
20230627	22:10:25	824f36dc-8f61-40c6-aa7e-10ab939f9266	GET	/api/courses	undefined
20230627	22:12:52	da6c2bc7-cd15-452b-b182-68a5e4d65739	GET	/	undefined
20230627	22:12:52	3923b0bf-9eaf-4104-af6c-3253e747a690	GET	/website/main.js	http://localhost:3000
20230627	22:12:52	d06cdb5e-165a-44b0-9e21-8d3d1b9bdafa	GET	/website/landingPage/landing.css	undefined
20230627	22:12:52	cacaef76-68ff-4296-8957-f81238ab1756	GET	/website/assets/images/hero_c.png	undefined
20230627	22:12:55	e2e6f798-9679-433f-abab-ee8d9f38e600	GET	/	undefined
20230627	22:12:55	37bb115a-c842-4d2c-a1f6-d35879c5f601	GET	/website/main.js	http://localhost:3000
20230627	22:12:55	1557fcc8-38eb-4343-af02-b2c89a867ccc	GET	/website/landingPage/landing.css	undefined
20230627	22:12:55	dfd3d0b2-586c-4572-a18e-6737cb1d7840	GET	/website/assets/images/hero_c.png	undefined
20230627	22:12:58	9ffe2fd7-04aa-4b9e-b11c-ec408d198bc0	GET	/api	undefined
20230627	22:12:58	85637771-f855-4228-a91b-0255ef61139a	GET	/webapp/assets/index-ff4a671e.js	http://localhost:3000
20230627	22:12:58	c5a9f67b-22b1-47fa-98d2-fa03865be4b1	GET	/webapp/assets/index-7789ecd2.css	undefined
20230627	22:13:00	214fe90c-9a9c-495a-8833-c31241e2c4f9	GET	/api/courses	undefined
20230627	22:14:11	8caa76cf-490b-4d72-ad87-e860d57107eb	GET	/	undefined
20230627	22:14:12	19a30bd4-5405-4cdb-8d85-c14475e85767	GET	/website/main.js	http://localhost:3000
20230627	22:14:12	e3382f62-7710-453d-b171-b31f8d4db053	GET	/website/landingPage/landing.css	undefined
20230627	22:14:12	cfda55f5-09cf-4bef-956a-c86096e94bdc	GET	/website/assets/images/hero_c.png	undefined
20230627	22:14:13	19976a21-eb80-43df-ab88-7a4ec12a2822	GET	/api	undefined
20230627	22:14:13	5a05f308-f8b4-48a9-9c82-d89b4d4cfc5a	GET	/webapp/assets/index-94db77fc.js	http://localhost:3000
20230627	22:14:13	de3ee34c-8c98-4b6c-947a-00049650777d	GET	/webapp/assets/index-3ee160bf.css	undefined
20230627	22:14:15	9e7f7584-b29a-4581-8abd-6c1af1cd233d	GET	/api/courses	undefined
20230627	22:16:28	8942b085-e295-4536-8cb8-43be2a5770e7	GET	/	undefined
20230627	22:16:28	7bd14106-fc9e-41b1-ac29-e7073413abdd	GET	/website/main.js	http://localhost:3000
20230627	22:16:28	227459af-0c63-4b1b-bc64-2a53918a4b7a	GET	/website/landingPage/landing.css	undefined
20230627	22:16:28	d8e7999c-6b03-4266-a0df-59560b3d5690	GET	/website/assets/images/hero_c.png	undefined
20230627	22:16:29	6747ba63-28d2-4a99-a2dc-97b0d7c1b96e	GET	/api	undefined
20230627	22:16:29	2248e511-8dc1-4a48-a8b7-c8630b5ed720	GET	/webapp/assets/index-f05a22d3.js	http://localhost:3000
20230627	22:16:29	7693aabf-938c-4d5a-9d3a-58aeded3ef8a	GET	/webapp/assets/index-66646615.css	undefined
20230627	22:16:30	b4204d22-c2af-4c86-b2a1-753216c10788	GET	/api/courses	undefined
20230627	22:17:08	9a7fbf02-c15d-44ce-ba8c-6ee1fa9147bb	GET	/api/course/64795b8808db5d81e71106cb	undefined
20230627	22:17:43	011b1b03-8059-42d9-b618-5ee6ddc4ec7e	GET	/	undefined
20230627	22:17:43	8a3b308a-9e31-4a02-9e37-41c2c61ffd0b	GET	/website/main.js	http://localhost:3000
20230627	22:17:43	f0e0f8d8-9b33-4524-932a-4b31fbe7d77e	GET	/website/landingPage/landing.css	undefined
20230627	22:17:43	72fb822d-b6ac-4de8-91da-49ef55b8e42c	GET	/website/assets/images/hero_c.png	undefined
20230627	22:17:44	6fb4da0d-8793-4f60-a766-4c72453c460f	GET	/api	undefined
20230627	22:17:44	e902d1b8-0b3f-4a94-9c07-4688cab10ac4	GET	/webapp/assets/index-c2041e1c.js	http://localhost:3000
20230627	22:17:44	aace21e9-0779-4cfb-ba31-9aa545af07db	GET	/webapp/assets/index-77c77896.css	undefined
20230627	22:17:45	a910158b-f99c-4bb0-b27a-4158310a205f	GET	/api/courses	undefined
20230627	22:22:59	bbca846f-edd6-445f-98b2-f9fd306bf2d7	GET	/	undefined
20230627	22:22:59	26fc2b74-d6e4-48bc-988a-e87176e27c42	GET	/website/main.js	http://localhost:3000
20230627	22:22:59	100b9c36-ee4d-4641-bbdf-6987c3916fa0	GET	/website/landingPage/landing.css	undefined
20230627	22:22:59	5a38a4ba-5352-4965-8de4-a6d968513dba	GET	/website/assets/images/hero_c.png	undefined
20230627	22:23:00	c11d12b2-8e65-4fa2-a216-5a3d462e9e2d	GET	/api	undefined
20230627	22:23:00	5aa2ba27-a767-47ec-9d77-3e73e67bfb3b	GET	/webapp/assets/index-b6b40c83.js	http://localhost:3000
20230627	22:23:00	a42049f3-a1c7-4834-8ff2-f34911b1f9ee	GET	/webapp/assets/index-dab6885d.css	undefined
20230627	22:23:02	d5a10b9e-36e9-42bd-9b75-4d547c1c1aa6	GET	/api/courses	undefined
20230627	22:23:54	b4c335bf-6b4b-4cd0-871e-17591f2ebade	GET	/	undefined
20230627	22:23:54	10cccd8a-2561-4ebe-b644-6b1ca20591c4	GET	/website/main.js	http://localhost:3000
20230627	22:23:54	13439d97-043a-489f-a27c-ecbbf16123e7	GET	/website/landingPage/landing.css	undefined
20230627	22:23:54	87df54f5-104e-4440-8ce7-4b45ce7e5092	GET	/website/assets/images/hero_c.png	undefined
20230627	22:23:55	7f584106-b716-4df6-bff8-b9e9cfe831e6	GET	/api	undefined
20230627	22:23:55	6eb01ef5-0ae6-4532-86f5-19f955185ab2	GET	/webapp/assets/index-b6b40c83.js	http://localhost:3000
20230627	22:23:55	721b3cc3-66e4-43f7-8e53-db87e974aa6d	GET	/webapp/assets/index-dab6885d.css	undefined
20230627	22:23:56	c3d9e89d-7753-4d62-b639-f905eaac880b	GET	/api/courses	undefined
20230627	22:24:21	ff92a7b9-3ac5-4871-b1f0-a81a3170709f	GET	/	undefined
20230627	22:24:21	dd1cd8cb-47e1-45db-bd84-f4366dce293a	GET	/website/main.js	http://localhost:3000
20230627	22:24:21	7d015f7f-5c96-4e93-9e78-b9edaf4536aa	GET	/website/landingPage/landing.css	undefined
20230627	22:24:22	bfa0e440-ae26-45dd-a7a8-4aa484fa59f0	GET	/website/assets/images/hero_c.png	undefined
20230627	22:24:22	5788b257-1bb3-4b49-b59b-77d8ea5f9af9	GET	/api	undefined
20230627	22:24:22	05dc3a6f-5099-4455-ba2b-ca2b7ca0c428	GET	/webapp/assets/index-e9a244d7.js	http://localhost:3000
20230627	22:24:22	2c7d5497-b3f6-43a7-be6b-3ecc2e1bfd4d	GET	/webapp/assets/index-68116938.css	undefined
20230627	22:24:24	31a57b4b-644c-4ab9-889f-71a29d0da2d4	GET	/api/courses	undefined
20230627	22:26:29	609174cf-6353-4751-b8c7-b4caaf6ec78d	GET	/	undefined
20230627	22:26:29	3f6931d4-3704-42b5-8930-2f4d8c8f0764	GET	/website/main.js	http://localhost:3000
20230627	22:26:29	068bf84e-ac72-43e8-989d-d1ff92dc7bc1	GET	/website/landingPage/landing.css	undefined
20230627	22:26:29	a09f8973-790b-4411-84d9-5793f463416c	GET	/website/assets/images/hero_c.png	undefined
20230627	22:26:30	dd18e6d6-1b95-4ac6-b811-a94d0dfb399a	GET	/api	undefined
20230627	22:26:30	f186592b-d118-499f-9f54-a25658f6eb17	GET	/webapp/assets/index-5913eab6.js	http://localhost:3000
20230627	22:26:30	25679fe8-69f0-4cb9-80e8-8b89ad4312dd	GET	/webapp/assets/index-c130cb24.css	undefined
20230627	22:26:31	ded45d46-e78d-44b2-8326-30382806d803	GET	/api/courses	undefined
20230627	22:29:00	3c01b6b5-64e8-4d78-9ffa-aa7125489cf3	GET	/	undefined
20230627	22:29:00	526bd6e1-59ac-4eb5-b8d4-70b118a704ea	GET	/website/main.js	http://localhost:3000
20230627	22:29:00	dde7035b-af70-43e1-9e77-14adcf83351e	GET	/website/landingPage/landing.css	undefined
20230627	22:29:00	fc74d3ce-c61c-4894-9954-e8830a8eb3f6	GET	/website/assets/images/hero_c.png	undefined
20230627	22:29:01	60f89585-f2f9-4a83-868d-dd9788ba6d17	GET	/api	undefined
20230627	22:29:01	2f351bf8-00fd-446c-8f1c-11f9c477c729	GET	/webapp/assets/index-a343dcd0.js	http://localhost:3000
20230627	22:29:01	d6c72341-8e22-434a-aa92-c47996b7ca35	GET	/webapp/assets/index-051d45d3.css	undefined
20230627	22:29:02	10ca2027-ffd3-41ea-abca-1eaf51bf375e	GET	/api/courses	undefined
20230627	22:31:02	ae3d71cc-a2c2-4a98-915d-3ebd82b337fe	GET	/	undefined
20230627	22:31:02	f1dc190c-b26a-46c9-853b-14b597ce0cf2	GET	/website/main.js	http://localhost:3000
20230627	22:31:02	a5b76a5a-968a-4fd1-adc3-e01e747d00a6	GET	/website/landingPage/landing.css	undefined
20230627	22:31:02	22179cad-4bc3-433c-835c-1e8c839b0640	GET	/website/assets/images/hero_c.png	undefined
20230627	22:31:03	7466d40a-ff12-4541-bd1e-6f318d392d2e	GET	/api	undefined
20230627	22:31:03	d5cee79e-b949-4762-b58f-f61d7c367338	GET	/webapp/assets/index-36762024.js	http://localhost:3000
20230627	22:31:03	1751bf07-7326-4f55-a0a1-27f4c3fb9133	GET	/webapp/assets/index-0f2838e7.css	undefined
20230627	22:31:04	9c9e34f8-bb66-489a-b9bf-6b66927a25ac	GET	/api/courses	undefined
20230627	22:32:01	72852850-1d4d-4387-91e6-1bc7dc9ca890	GET	/	undefined
20230627	22:32:01	1c6931d2-f66c-45a0-8e69-5bd34e1de605	GET	/website/main.js	http://localhost:3000
20230627	22:32:01	7903b7fb-fc3b-48ef-9cb8-db068e346946	GET	/website/landingPage/landing.css	undefined
20230627	22:32:01	1c36625a-9ea6-4b7e-a4d1-bc5e82decbb3	GET	/website/assets/images/hero_c.png	undefined
20230627	22:32:02	02a30653-61f3-4870-a956-875cf1f7a650	GET	/api	undefined
20230627	22:32:02	f40d6ce2-2c5e-4543-ab63-013320b572db	GET	/webapp/assets/index-0daf8e7c.js	http://localhost:3000
20230627	22:32:02	95d27317-16fb-4751-8f38-7c8f720ac327	GET	/webapp/assets/index-0f2838e7.css	undefined
20230627	22:32:03	45d4689e-02a1-420b-b9b6-d02490647efc	GET	/api/courses	undefined
20230627	22:36:27	798645b5-ffa4-472d-975a-e8d004ce61be	GET	/	undefined
20230627	22:36:27	78da8274-2389-49d0-9316-9eac5f343858	GET	/website/main.js	http://localhost:3000
20230627	22:36:27	0b489647-33fa-43fb-9b27-8222b6d7ebda	GET	/website/landingPage/landing.css	undefined
20230627	22:36:27	7e3cc521-9828-4cc0-a86e-2a933a5ce980	GET	/website/assets/images/hero_c.png	undefined
20230627	22:36:29	e2523d8a-d56e-4d24-aa89-a4a69b22d4b2	GET	/app	undefined
20230627	22:36:29	8a185fbc-8f13-44c9-8cb0-df29f5caf9ae	GET	/webapp/assets/index-792003dc.js	http://localhost:3000
20230627	22:36:29	2f477417-bb74-4c8e-90e0-84c00b482621	GET	/webapp/assets/index-7d3adb00.css	undefined
20230627	22:36:29	19a11d4a-af63-4038-9dd8-dde62f7a3bb5	GET	/	undefined
20230627	22:36:29	6c8fcf5c-d511-4915-9049-2f9372d40c1c	GET	/website/main.js	http://localhost:3000
20230627	22:36:29	7df56ed8-41f1-4f7e-81da-c7d9910e19ff	GET	/website/landingPage/landing.css	undefined
20230627	22:36:29	cace7629-667d-4e5f-8de0-5783a85fb817	GET	/website/assets/images/hero_c.png	undefined
20230627	22:36:30	f274fd55-248b-45d0-a3e0-c6f3d536c895	GET	/api	undefined
20230627	22:36:30	e07157c8-4a15-4755-b4fd-2dd7cb36c414	GET	/webapp/assets/index-792003dc.js	http://localhost:3000
20230627	22:36:30	d8a7aeca-a9c5-4f5c-a32d-9e6c24cd610c	GET	/webapp/assets/index-7d3adb00.css	undefined
20230627	22:36:31	33735170-58a7-4a2e-a83b-a6d23d74fe9c	GET	/api/courses	undefined
20230627	22:45:02	549eeecf-3018-49be-94f9-5c14cea63147	GET	/	undefined
20230627	22:45:02	0aca93e7-9f48-4d9d-80b8-eb9db61877e4	GET	/website/main.js	http://localhost:3000
20230627	22:45:02	6d292458-0efd-4f1a-b91d-12b6311b91ef	GET	/website/landingPage/landing.css	undefined
20230627	22:45:02	edcf617e-6dac-47ad-b649-c5b3ab880907	GET	/website/assets/images/hero_c.png	undefined
20230627	22:45:03	ea1adfe0-70f3-4002-85ff-e9fb9fc7c32b	GET	/api	undefined
20230627	22:45:03	577dde2f-e547-4221-8d38-2958cee82c48	GET	/webapp/assets/index-792003dc.js	http://localhost:3000
20230627	22:45:03	2f3513dd-1b7e-4598-ab8d-e84e9bc3160a	GET	/webapp/assets/index-7d3adb00.css	undefined
20230627	22:45:04	97e84c8d-36ba-419b-a728-ca3fd8920407	GET	/api/courses	undefined
20230627	22:45:50	5879254a-a860-468b-9343-1eba2b86ab45	GET	/	undefined
20230627	22:45:50	59620c85-4d9f-48f2-a42f-dcd70f55809b	GET	/website/main.js	http://localhost:3000
20230627	22:45:50	a7712cd0-da0c-4a8c-a9aa-762c2d0be10c	GET	/website/landingPage/landing.css	undefined
20230627	22:45:50	091cbc8e-30f5-4ea6-88a4-890729e02225	GET	/website/assets/images/hero_c.png	undefined
20230627	22:45:51	ed6539fc-8fd5-4613-b625-ad43d86daaa9	GET	/api	undefined
20230627	22:45:51	8a5a4d73-a531-4c89-90a7-fbee21679f58	GET	/webapp/assets/index-792003dc.js	http://localhost:3000
20230627	22:45:51	f16be3ba-623c-4828-99eb-bdea074dd6cd	GET	/webapp/assets/index-7d3adb00.css	undefined
20230627	22:45:52	79122094-7a19-41d3-bf97-e85d9be992b7	GET	/api/courses	undefined
20230627	22:46:57	a078d4e7-3e25-470a-9f77-a77cd225c723	GET	/	undefined
20230627	22:46:57	279047d0-a690-4cec-a498-a134274b5254	GET	/website/main.js	http://localhost:3000
20230627	22:46:57	fd1a9655-1fd2-45d2-a654-1cbacfd349df	GET	/website/landingPage/landing.css	undefined
20230627	22:46:57	1ad11eaf-55aa-42fd-833c-60c6af8124f6	GET	/website/assets/images/hero_c.png	undefined
20230627	22:46:59	6c63bf71-5d45-4835-9aab-faeee4ac1d7e	GET	/api	undefined
20230627	22:46:59	727d8218-ef4c-4cce-a170-c1675d7e9bc1	GET	/webapp/assets/index-f6b3c861.js	http://localhost:3000
20230627	22:46:59	81276a20-9862-48e1-b085-5042b152f944	GET	/webapp/assets/index-c7164a5b.css	undefined
20230627	22:47:01	49bdc198-0eaf-4913-a965-12bcb82b4b18	GET	/api/courses	undefined
20230627	22:49:56	530fbc99-f83b-4d33-b564-e1053e9903b6	GET	/	undefined
20230627	22:49:56	afcd9553-2b40-4504-9b82-942a3a6d8526	GET	/website/main.js	http://localhost:3000
20230627	22:49:56	ea05c08a-6569-4cf7-96d0-a569ed75f87e	GET	/website/landingPage/landing.css	undefined
20230627	22:49:56	bf06394c-4915-4985-b8a6-0ecf22dde5e3	GET	/website/assets/images/hero_c.png	undefined
20230627	22:49:57	9057bd17-5913-4275-bdbd-a21967a926a2	GET	/api	undefined
20230627	22:49:57	aa1e152d-bb46-4086-bb07-47c9ea50fb27	GET	/webapp/assets/index-041b0511.js	http://localhost:3000
20230627	22:49:57	a923d424-d5bb-469c-b2b8-adcab1837cf5	GET	/webapp/assets/index-557ee4bf.css	undefined
20230627	22:49:59	c836037a-bfad-45e8-bcb5-486f4c04553b	GET	/api/courses	undefined
20230627	22:50:06	86d5cf40-271f-42b3-adc2-106188430f6e	GET	/	undefined
20230627	22:50:06	d78bd880-d02a-45d7-b2dd-dab572f83757	GET	/website/main.js	http://localhost:3000
20230627	22:50:06	5fd81901-01fc-489a-83b7-4c06df516868	GET	/website/landingPage/landing.css	undefined
20230627	22:50:06	a3df5943-4815-4b05-8d5a-6d6ca2ba89ba	GET	/website/assets/images/hero_c.png	undefined
20230627	22:50:07	75232a5d-3c80-40a3-9560-ccfe27766d5f	GET	/app	undefined
20230627	22:50:07	55ddb4a2-d129-465c-abce-d182a05fd4df	GET	/webapp/assets/index-041b0511.js	http://localhost:3000
20230627	22:50:07	9aae1f93-b1ea-45ea-bfb5-143af6cf9b9e	GET	/webapp/assets/index-557ee4bf.css	undefined
20230627	22:50:51	0cfa1adc-3705-4427-ac62-1abd83a64c67	GET	/	undefined
20230627	22:50:52	9cc81ec7-c365-4a7e-bb78-35c359e73cd4	GET	/website/main.js	http://localhost:3000
20230627	22:50:52	1716ddd0-d44a-4ecc-852e-bb0d2fe82be9	GET	/website/landingPage/landing.css	undefined
20230627	22:50:52	b79d1395-00ce-47b9-9070-38dc370b120b	GET	/website/assets/images/hero_c.png	undefined
20230627	22:50:55	2324dd13-f3ac-4ef9-9071-1cb08b5320fb	GET	/api	undefined
20230627	22:50:55	f0678abe-4bd6-40cb-b04a-e45ac1ff5396	GET	/webapp/assets/index-041b0511.js	http://localhost:3000
20230627	22:50:55	4902e0fd-374a-44cc-af46-c43bc189df49	GET	/webapp/assets/index-557ee4bf.css	undefined
20230627	22:50:56	92fa61a3-2120-4ce4-8393-21634777b4ae	GET	/api/courses	undefined
20230628	01:32:23	aef98b64-efe9-44c7-9fa5-c38bfd3fa24d	GET	/	undefined
20230628	01:32:23	afcc343c-1e7b-44f5-9bc7-0c5be685604e	GET	/website/main.js	http://localhost:3000
20230628	01:32:23	c4ce700a-ab02-42d4-a763-6622bf74f3c8	GET	/website/landingPage/landing.css	undefined
20230628	01:32:23	78dc7378-7413-42c8-8c35-322f0d40996b	GET	/website/assets/images/hero_c.png	undefined
20230628	01:32:24	b406e947-7740-40fa-bcd4-4e1c9c2617f6	GET	/api	undefined
20230628	01:32:24	b9d8394a-0082-4284-9fb1-557c09a18b7f	GET	/webapp/assets/index-041b0511.js	http://localhost:3000
20230628	01:32:24	94d23aee-39be-4dc6-aeda-97e36a8461ea	GET	/webapp/assets/index-557ee4bf.css	undefined
20230628	01:32:25	482e2be6-9458-45b6-8c4c-3e7e039ad72c	GET	/api/courses	undefined
20230628	01:35:05	efc4ef49-f924-4b21-a7d8-c50807277ec5	GET	/	undefined
20230628	01:35:05	0f3283f6-c16f-4d83-b396-0bc65c552a5d	GET	/website/main.js	http://localhost:3000
20230628	01:35:05	bddacdf5-fdba-435e-91c5-715ca16451eb	GET	/website/landingPage/landing.css	undefined
20230628	01:35:05	98c77f42-dc9e-4268-9906-70de2e910ec6	GET	/website/assets/images/hero_c.png	undefined
20230628	01:35:06	0fc6d94b-47fc-4a88-9be2-fac0a214bf74	GET	/api	undefined
20230628	01:35:06	68b48b95-01c2-4a6c-9d8b-d66e4ea7e683	GET	/webapp/assets/index-77544f40.js	http://localhost:3000
20230628	01:35:06	b7778cab-fee7-4307-b1cd-d147609cee42	GET	/webapp/assets/index-37168d6f.css	undefined
20230628	01:35:08	1759a0b0-f081-4102-8794-c7c4d57e27c6	GET	/api/courses	undefined
20230628	01:46:53	f181515c-dfcd-4bed-8d03-25d5982d63b9	GET	/	undefined
20230628	01:46:53	d098462a-d460-41e2-8ba1-f259d58d2ac4	GET	/website/main.js	http://localhost:3000
20230628	01:46:53	81a81643-ac82-4a91-88ea-0b14bdb74fe3	GET	/website/landingPage/landing.css	undefined
20230628	01:46:53	0c841bb7-407d-400a-87b6-11594083f5f8	GET	/website/assets/images/hero_c.png	undefined
20230628	01:46:53	16deb338-2892-4c8f-981e-05cc5d8123b4	GET	/favicons/vd_favicon32.png	undefined
20230628	01:46:54	64103016-1983-42fe-b53b-303340a756a1	GET	/	undefined
20230628	01:46:54	00e0b53c-459e-4f41-b734-283d54754d95	GET	/website/main.js	http://localhost:3000
20230628	01:46:54	2b60fe6f-d2be-4990-86e7-78250627c548	GET	/website/landingPage/landing.css	undefined
20230628	01:46:54	7d743217-3038-4499-af82-177b5a82f243	GET	/website/assets/images/hero_c.png	undefined
20230628	01:46:54	18558de2-4d1d-4cb1-8b26-2bc62bcb52b1	GET	/api	undefined
20230628	01:46:54	3228fcbd-a129-4309-8cf2-e7116bc90305	GET	/webapp/assets/index-4182b9e9.js	http://localhost:3000
20230628	01:46:54	85dd2d07-de7a-4038-b1f4-c3bb9639c87b	GET	/webapp/assets/index-e38931b5.css	undefined
20230628	01:48:59	6f8d8e36-0d85-4d74-9c38-10681dc86b8e	GET	/api	undefined
20230628	01:48:59	4cae1abb-b908-4e31-93db-ca0c17b5c106	GET	/webapp/assets/index-4182b9e9.js	http://localhost:3000
20230628	01:48:59	b0a75267-fd14-4669-b6bd-39e630f31db7	GET	/webapp/assets/index-e38931b5.css	undefined
20230628	01:54:11	d136efb8-958a-403c-858b-d0b998f84a1b	GET	/api	undefined
20230628	01:54:11	dc298f73-bbcc-4333-a6ca-1a63b5ee0756	GET	/webapp/assets/index-4182b9e9.js	http://localhost:3000
20230628	01:54:11	1d871cf6-89f5-4920-a05d-b7e57eda8aee	GET	/webapp/assets/index-e38931b5.css	undefined
20230628	01:55:41	b644b9b5-7c80-4540-9363-af98a3033e5a	GET	/api	undefined
20230628	01:55:41	561ed1a1-271a-4235-8c45-12596d47c3ac	GET	/webapp/assets/index-a5b53bda.js	http://localhost:3000
20230628	01:55:41	5f220a50-1064-44d7-a3a8-f6d0c6f5f321	GET	/webapp/assets/index-e38931b5.css	undefined
20230628	01:58:16	5f484d3e-c89a-4ca2-9b56-45ca0f5ca5b7	GET	/api	undefined
20230628	01:58:16	e7decfbc-558b-4965-b8fe-6517947c4730	GET	/webapp/assets/index-dfc35493.js	http://localhost:3000
20230628	01:58:16	f1317e32-8703-41b8-a089-489a2b3d3ebc	GET	/webapp/assets/index-e38931b5.css	undefined
20230628	01:58:25	96950fe0-3b2b-4a12-ada6-74bc37f155ec	GET	/api	undefined
20230628	01:58:25	dcb91e6e-6dd3-41a9-8be7-4e2d9a8e2a08	GET	/webapp/assets/index-dfc35493.js	http://localhost:3000
20230628	01:58:25	77ffe538-0631-469b-84de-05d33532bd16	GET	/webapp/assets/index-e38931b5.css	undefined
20230628	02:01:25	1a2cd787-ab41-448f-bdd6-334c1dfbbd62	GET	/	undefined
20230628	02:01:25	945650f8-2bea-48a9-b097-9706c7cba5e6	GET	/website/main.js	http://localhost:3000
20230628	02:01:25	30b89504-e051-4f66-8b33-f6d2bc60aa62	GET	/website/landingPage/landing.css	undefined
20230628	02:01:25	5e68fb71-3353-435f-9538-08e3af1d46ee	GET	/website/assets/images/hero_c.png	undefined
20230628	02:01:26	8619f701-b248-4cec-9f0a-544270405a9a	GET	/api	undefined
20230628	02:01:26	414c5c81-8ef6-4f69-bf8a-b58a934c439f	GET	/webapp/assets/index-4e4b7704.js	http://localhost:3000
20230628	02:01:26	ebbf2fb6-7131-459c-a1fe-8024a68ad927	GET	/webapp/assets/index-e38931b5.css	undefined
20230628	02:04:30	6d7784c9-4e2d-4b0a-9d5f-6a703965d995	GET	/	undefined
20230628	02:04:30	91a372cb-2daf-42f6-9ddc-012f59a86881	GET	/website/main.js	http://localhost:3000
20230628	02:04:30	ae65fdcb-65e5-446f-a969-b62963c4ee49	GET	/website/landingPage/landing.css	undefined
20230628	02:04:30	9c356735-3827-4e35-ab68-c78a51443e73	GET	/website/assets/images/hero_c.png	undefined
20230628	02:04:31	cb48997f-57d5-42b5-9011-52baabf4687a	GET	/api	undefined
20230628	02:04:31	8ec9fe37-18b2-4be3-b7f7-042cde5e8e38	GET	/webapp/assets/index-e0000f9b.js	http://localhost:3000
20230628	02:04:31	f0346803-df9b-4f47-b151-8e70b1fd4e10	GET	/webapp/assets/index-e38931b5.css	undefined
20230628	02:06:06	a30c5fc4-0e1d-4909-94e8-26641f950c87	GET	/	undefined
20230628	02:06:06	368ee962-749f-4ba1-9527-558ddf25a60a	GET	/website/main.js	http://localhost:3000
20230628	02:06:06	ddf3e26e-3173-4f62-be9d-9a71c3fd6afe	GET	/website/landingPage/landing.css	undefined
20230628	02:06:07	be3b4cf3-4838-4a36-ac33-1643036b5f48	GET	/website/assets/images/hero_c.png	undefined
20230628	02:06:08	670f0a4e-5d0d-409b-ac0e-9b278741e351	GET	/api	undefined
20230628	02:06:08	55129058-aee3-4092-a7cf-4b391d33c3e2	GET	/webapp/assets/index-27cac9c4.js	http://localhost:3000
20230628	02:06:08	6cd84631-a8dc-4399-986e-b5ca9f1f6d35	GET	/webapp/assets/index-e38931b5.css	undefined
20230628	02:09:08	facffcb8-a904-453a-9928-cf2cd25a64e0	GET	/	undefined
20230628	02:09:08	7c0a389f-b01b-4385-b17f-65c377fd541c	GET	/website/main.js	http://localhost:3000
20230628	02:09:08	1be38606-b40a-440b-8eab-b7bc62921c18	GET	/website/landingPage/landing.css	undefined
20230628	02:09:08	b08c9c0c-dc72-4d78-8f1b-b991fff80c6f	GET	/website/assets/images/hero_c.png	undefined
20230628	02:09:10	5bbb1164-7cfb-4fb5-a855-d63b4ce09a34	GET	/api	undefined
20230628	02:09:10	f9184d99-f778-4ae7-a1a2-56d8e8354264	GET	/webapp/assets/index-faa77fa3.js	http://localhost:3000
20230628	02:09:10	8b693479-69c3-48ec-806c-b0cd3a56929e	GET	/webapp/assets/index-e38931b5.css	undefined
20230628	02:15:22	6a0fd205-dc98-470a-9337-5313b1ca6f7c	GET	/	undefined
20230628	02:15:22	1a62a0e7-f3f8-4437-874f-4338a7fd2345	GET	/website/main.js	http://localhost:3000
20230628	02:15:22	f40f7c77-c353-4652-af8e-035b89effa0f	GET	/website/landingPage/landing.css	undefined
20230628	02:15:22	764c1eba-21c7-4570-a959-8c1714ef763d	GET	/website/assets/images/hero_c.png	undefined
20230628	02:15:23	0dec878e-702d-4ca0-ba1d-f46da127f298	GET	/api	undefined
20230628	02:15:23	5f327fc0-5a9f-4982-8034-856dc6abb8c3	GET	/webapp/assets/index-38bc420f.js	http://localhost:3000
20230628	02:15:23	de97c492-5751-454d-a210-fbae3879d106	GET	/webapp/assets/index-e38931b5.css	undefined
20230628	02:15:47	ba34610e-87fc-4dd1-abc4-de540e8bfdfe	GET	/api	undefined
20230628	02:15:47	c259f575-32ed-4d69-8eee-76bd14c6c6dd	GET	/webapp/assets/index-38bc420f.js	http://localhost:3000
20230628	02:15:47	b932cd2f-f2af-4855-b4d2-8e7a22799247	GET	/webapp/assets/index-e38931b5.css	undefined
20230628	02:17:49	8b0dffab-2a69-418f-8e46-a099fe4db8a2	GET	/	undefined
20230628	02:17:49	e8670add-948b-4915-a0e9-c6bd0a08caa8	GET	/website/main.js	http://localhost:3000
20230628	02:17:49	f064b986-9d86-4874-a97a-d3be86cb2f91	GET	/website/landingPage/landing.css	undefined
20230628	02:17:49	c773c903-0078-41e0-9bc3-382f1724e59d	GET	/website/assets/images/hero_c.png	undefined
20230628	02:17:50	51d2258f-ad29-4a51-92af-bd5191db9fda	GET	/api	undefined
20230628	02:17:50	0e42905e-2b0a-4dc4-819b-d8d2c55bb729	GET	/webapp/assets/index-a7ea21d8.js	http://localhost:3000
20230628	02:17:50	a5f93386-04dc-4d66-91d0-14c484a5d6bf	GET	/webapp/assets/index-e38931b5.css	undefined
20230628	02:26:32	3b31963e-2687-44cb-8cf8-6b41b5266a29	GET	/api	undefined
20230628	02:26:32	58e25ff8-343b-4510-9965-868e5547e106	GET	/webapp/assets/index-bbf7ca37.js	http://localhost:3000
20230628	02:26:32	8386abe2-2902-40db-9304-436d9c9e0036	GET	/webapp/assets/index-e38931b5.css	undefined
20230628	02:31:38	14f98745-72f1-48ef-b024-91dd79409489	GET	/	undefined
20230628	02:31:38	457e3365-9a52-490b-a644-fbe9df83337c	GET	/website/main.js	http://localhost:3000
20230628	02:31:38	29db17f0-ec97-4908-83bf-75a11f5968a2	GET	/website/landingPage/landing.css	undefined
20230628	02:31:38	490cef14-9351-45b6-905a-9888c71ab92b	GET	/website/assets/images/hero_c.png	undefined
20230628	02:31:39	fc5fc493-6559-449d-aee9-9aa6e2e558d3	GET	/api	undefined
20230628	02:31:39	bc6f544f-9385-4322-8c02-179a0d9de087	GET	/webapp/assets/index-6d68698a.js	http://localhost:3000
20230628	02:31:39	b9c6c8f7-60b5-4274-8005-ba2199ed9de2	GET	/webapp/assets/index-e38931b5.css	undefined
20230628	02:38:28	6b443ac4-4e2b-4963-bee4-76c6fa3bad5a	GET	/api	undefined
20230628	02:38:28	d2d3097a-2b59-4837-b105-9d55eebe6d51	GET	/webapp/assets/index-bfa6e9ea.js	http://localhost:3000
20230628	02:38:28	215dc0c9-5bf6-4b3d-823c-4559d1a8c8a3	GET	/webapp/assets/index-e38931b5.css	undefined
20230628	02:42:08	e8235769-642a-4622-b4a2-dfcbf37a0f66	GET	/api	undefined
20230628	02:42:08	ce2c3efd-c7dd-4d83-9fc6-c6e73fa027d3	GET	/webapp/assets/index-4895a540.js	http://localhost:3000
20230628	02:42:08	29b62982-9631-4806-ba1d-c1595326601c	GET	/webapp/assets/index-e38931b5.css	undefined
20230628	02:43:11	f025fd0d-3df7-480a-b405-918c4cc365dd	GET	/	undefined
20230628	02:43:11	6595e786-a8aa-4c38-a0a7-c4c8ccce4c24	GET	/website/main.js	http://localhost:3000
20230628	02:43:11	0037315a-5fd4-4432-b089-996e89b4b434	GET	/website/landingPage/landing.css	undefined
20230628	02:43:11	6f8e46c7-f8b8-4fc8-a2f5-eb38f8922ca6	GET	/website/assets/images/hero_c.png	undefined
20230628	02:43:12	60548c96-1394-4755-8c3c-2321c2fd3c9b	GET	/api	undefined
20230628	02:43:12	4a0fcf88-8233-438c-be07-b272fba32748	GET	/webapp/assets/index-dfc35493.js	http://localhost:3000
20230628	02:43:12	9a7d0ed0-0983-4d59-99d2-d61520d240f4	GET	/webapp/assets/index-e38931b5.css	undefined
20230628	02:43:41	938249db-2a81-445e-9d9b-0fef41cfb876	GET	/	undefined
20230628	02:43:41	5a7fd6ef-713a-4529-9b8b-32d90c9f3bde	GET	/website/main.js	http://localhost:3000
20230628	02:43:41	67883d84-df86-4d46-94d0-c0e712c44d19	GET	/website/landingPage/landing.css	undefined
20230628	02:43:41	dd49d4bd-7d4c-4093-9be8-f937405fdb25	GET	/website/assets/images/hero_c.png	undefined
20230628	02:43:42	0e91c571-a815-423e-9f27-f8f47925a048	GET	/api	undefined
20230628	02:43:42	e4201f89-31c7-491a-b324-ac7bdaab1e8e	GET	/webapp/assets/index-9007ecf5.js	http://localhost:3000
20230628	02:43:42	24fba964-5fe5-42e0-b8a6-c16c9da54cd1	GET	/webapp/assets/index-e38931b5.css	undefined
20230628	02:44:55	dd3b30ec-9316-46ed-9e97-8c78abd1a313	GET	/	undefined
20230628	02:44:55	bf2f9cd3-930e-432a-a2e1-288863e4efac	GET	/website/main.js	http://localhost:3000
20230628	02:44:55	fb5f42d3-fc69-4f9f-a8ed-382129ac1dbf	GET	/website/landingPage/landing.css	undefined
20230628	02:44:55	b9b4e839-dbd1-49ac-8fe1-0d5969fe00c8	GET	/website/assets/images/hero_c.png	undefined
20230628	02:44:57	4efef197-75a9-4c01-891a-0a8abbc2f47e	GET	/api	undefined
20230628	02:44:57	009e18c7-3f5e-4a1c-bef9-9556d9f843d8	GET	/webapp/assets/index-e02491c0.js	http://localhost:3000
20230628	02:44:57	7336bfd0-8a10-46bb-9ebd-07c3a220ebae	GET	/webapp/assets/index-557ee4bf.css	undefined
20230628	02:47:03	23f37e2b-a43c-4493-a346-8fbdbf38fbb6	GET	/	undefined
20230628	02:47:03	ce1b657f-11d4-4e0c-b265-d16e9eba606e	GET	/website/main.js	http://localhost:3000
20230628	02:47:03	7a9111bc-d197-4de5-a518-5c0df008f844	GET	/website/landingPage/landing.css	undefined
20230628	02:47:03	2e02485c-4ee6-4028-be80-15a42f36d0a2	GET	/website/assets/images/hero_c.png	undefined
20230628	02:47:03	dcf065b4-ee07-4c87-ae69-e0fb2a07bfd4	GET	/api	undefined
20230628	02:47:03	7273417d-8641-40e3-9183-69af5dbb6345	GET	/webapp/assets/index-f74c64f6.js	http://localhost:3000
20230628	02:47:03	5546100c-b9b2-4879-ac91-cea8a060215e	GET	/webapp/assets/index-557ee4bf.css	undefined
20230628	02:49:22	5e144bab-b344-4d16-a178-e3f04c4dc154	GET	/api	undefined
20230628	02:49:22	1d955f75-d8b4-4a41-a584-81017696de6c	GET	/webapp/assets/index-98c8999a.js	http://localhost:3000
20230628	02:49:22	f489c205-f396-495d-8889-fbdcac0100d1	GET	/webapp/assets/index-e38931b5.css	undefined
20230628	02:49:24	a4a0f0b4-3cc6-410c-b1a2-6e9a9ddccb0f	GET	/	undefined
20230628	02:49:24	4a415df9-f691-4c99-88d2-3f8017de969f	GET	/website/main.js	http://localhost:3000
20230628	02:49:24	daf2d3cf-eada-4226-aa9b-42ea0f116a24	GET	/website/landingPage/landing.css	undefined
20230628	02:49:24	aeaf47b1-28c0-4176-a08d-57f43ffa6c06	GET	/website/assets/images/hero_c.png	undefined
20230628	02:49:25	aba682c3-de08-4b3c-8f42-4c3726b86aa6	GET	/api	undefined
20230628	02:49:25	f86c2e35-2382-45c2-95c7-d989aa24906d	GET	/webapp/assets/index-98c8999a.js	http://localhost:3000
20230628	02:49:25	a4e521b0-75da-4155-bd68-9122705be6ed	GET	/webapp/assets/index-e38931b5.css	undefined
20230628	02:50:41	34e5b158-9634-4af0-9a9f-677cc0ed9436	GET	/	undefined
20230628	02:50:41	a75db7e0-c5af-4723-bfb1-8cedf6140536	GET	/website/main.js	http://localhost:3000
20230628	02:50:41	9775067d-8255-450c-b4a6-740bf20c949b	GET	/website/landingPage/landing.css	undefined
20230628	02:50:41	faf8768f-71c7-4963-bba9-5b44fd9887de	GET	/website/assets/images/hero_c.png	undefined
20230628	02:50:42	4a787bc0-9d2a-4df6-be77-af8a9bee156f	GET	/api	undefined
20230628	02:50:42	ce622959-bee8-4a6e-aa3b-422e387379fb	GET	/webapp/assets/index-a196ae66.js	http://localhost:3000
20230628	02:50:42	34c2ff3a-aa25-49f4-9df6-269094ac30d4	GET	/webapp/assets/index-e38931b5.css	undefined
20230628	02:51:57	71ca4abe-4365-4667-a442-052d5068c284	GET	/api	undefined
20230628	02:51:57	c2168ad3-11b8-4fb4-a3b0-4dae9a95fe35	GET	/webapp/assets/index-dfc35493.js	http://localhost:3000
20230628	02:51:57	8b0a5f1a-0bcf-4830-b6b8-735d47e83873	GET	/webapp/assets/index-e38931b5.css	undefined
20230628	02:53:16	28d40e59-3120-4bed-b66c-e341824265e9	GET	/api	undefined
20230628	02:53:16	4ff1fe53-bba1-478d-89e8-53250f670ed8	GET	/webapp/assets/index-dfc35493.js	http://localhost:3000
20230628	02:53:16	1ebd4dd0-5e06-4718-809a-2bd9af44bb2e	GET	/webapp/assets/index-e38931b5.css	undefined
20230628	02:53:23	e73ad884-5bc9-4d54-bde1-96bb6f979861	GET	/api	undefined
20230628	02:53:23	cba791c3-c939-4bab-94fd-1036c491ed77	GET	/webapp/assets/index-dfc35493.js	http://localhost:3000
20230628	02:53:23	5eddeaad-5acd-4b0e-b80f-9a781f6bc8e8	GET	/webapp/assets/index-e38931b5.css	undefined
20230628	02:55:56	f2dc0f5d-28ce-4a45-9aea-95e892262753	GET	/api	undefined
20230628	02:55:56	6b1f0d84-b4f5-4476-93ab-9aaf0c37d719	GET	/webapp/assets/index-1388f178.js	http://localhost:3000
20230628	02:55:56	87fafc6a-7483-416d-b638-24db613b75e4	GET	/webapp/assets/index-557ee4bf.css	undefined
20230628	02:58:00	661dd5d9-d390-4b74-adff-f9b952ff2bf8	GET	/api	undefined
20230628	02:58:00	2369972b-ab4f-441d-83ff-ee991a44fd0c	GET	/webapp/assets/index-dd54263e.js	http://localhost:3000
20230628	02:58:00	6d48e9aa-4355-48df-acab-777aa5d37066	GET	/webapp/assets/index-557ee4bf.css	undefined
20230628	03:01:40	171d2a5c-a0a5-460a-947d-092691cd2399	GET	/	undefined
20230628	03:01:40	c3e26e5a-ca04-4396-b836-e5a16537f2a2	GET	/website/main.js	http://localhost:3000
20230628	03:01:40	722bec76-7e71-45a7-9082-0d770631b51c	GET	/website/landingPage/landing.css	undefined
20230628	03:01:40	6071dce4-e93d-42cd-8bbf-3417ae0a84bd	GET	/website/assets/images/hero_c.png	undefined
20230628	03:01:41	79e09d87-a99f-4bc0-bb61-17a7ab642978	GET	/api	undefined
20230628	03:01:41	ed41ce9e-a940-43a1-9838-a770e4324b89	GET	/webapp/assets/index-e7bdefa4.js	http://localhost:3000
20230628	03:01:41	0fca789b-70f4-4c59-bdb9-037aaa477393	GET	/webapp/assets/index-e38931b5.css	undefined
20230628	03:04:37	148abc66-83f8-4993-868b-9ff3ea7b189c	GET	/api	undefined
20230628	03:04:37	109f0d0c-2452-4701-9483-0942ea6d4b78	GET	/webapp/assets/index-e840d1d3.js	http://localhost:3000
20230628	03:04:37	ae53ba53-a7f8-40f5-a5dc-cb12d641d722	GET	/webapp/assets/index-e38931b5.css	undefined
20230628	03:05:05	4f434851-1948-4aa7-b261-752b4249bdd3	GET	/api	undefined
20230628	03:05:05	e5826e66-ccf2-4a73-a970-28203e958f91	GET	/webapp/assets/index-e840d1d3.js	http://localhost:3000
20230628	03:05:05	ce7f2c64-0400-412b-86a1-7bded0eb1539	GET	/webapp/assets/index-e38931b5.css	undefined
20230628	03:05:06	02b1510a-a547-4e9b-9cde-4cf235932594	GET	/app	undefined
20230628	03:05:06	e958e7a4-230c-4861-a05c-a82f7c08dfe6	GET	/webapp/assets/index-e840d1d3.js	http://localhost:3000
20230628	03:05:06	b3309a5b-590b-46d5-9e0b-299bac18e95d	GET	/webapp/assets/index-e38931b5.css	undefined
20230628	03:05:59	56251c71-192e-4407-abba-7cd2c0a219ed	GET	/	undefined
20230628	03:05:59	94345ba6-943d-4f9a-8d77-07e0ccb18735	GET	/website/main.js	http://localhost:3000
20230628	03:05:59	47e8a120-1d10-47f3-9ac7-d9cff67569cd	GET	/website/landingPage/landing.css	undefined
20230628	03:05:59	78878b6c-d5dd-4b0f-a31a-a195d5fd7f41	GET	/website/assets/images/hero_c.png	undefined
20230628	03:06:00	2a245431-0ce9-4116-9a21-dd320531d1b1	GET	/api	undefined
20230628	03:06:00	63ba639d-23eb-45d2-a4a5-86d179b6efe9	GET	/webapp/assets/index-2666eb4d.js	http://localhost:3000
20230628	03:06:00	e41e07f1-e8d9-42bf-a4ba-5a86291c3807	GET	/webapp/assets/index-557ee4bf.css	undefined
20230628	03:06:01	7e3b1200-ded8-4aa6-8a40-46e3501cd268	GET	/api/courses	undefined
20230628	03:07:46	dc2352e0-f369-4d00-834e-8227cc44d55b	GET	/	undefined
20230628	03:07:46	ffee348f-d2c7-4d98-b558-4fa658766f6a	GET	/website/main.js	http://localhost:3000
20230628	03:07:46	632e6e40-0ea2-42a2-a668-64d3bc932620	GET	/website/landingPage/landing.css	undefined
20230628	03:07:46	0967e31a-426a-43d5-94af-33499d08f6af	GET	/website/assets/images/hero_c.png	undefined
20230628	03:07:47	a4618cae-fa7b-4eac-a842-58f3ed76a4cf	GET	/api	undefined
20230628	03:07:47	b807c525-12f1-42c6-a18f-52c527793c50	GET	/webapp/assets/index-2666eb4d.js	http://localhost:3000
20230628	03:07:47	303b36e8-6117-4d0b-a74c-72751dc68535	GET	/webapp/assets/index-557ee4bf.css	undefined
20230628	03:07:48	2b94eb5b-c86a-4fc9-8f23-c437a0163115	GET	/api/courses	undefined
20230628	03:08:44	ab194a32-c781-4646-8916-f41a7526c18d	GET	/	undefined
20230628	03:08:44	a95fd47c-ac0b-4fa9-b27c-eadab30cedda	GET	/website/main.js	http://localhost:3000
20230628	03:08:44	7e834cd7-bec3-4483-a8b5-66eda855456d	GET	/website/landingPage/landing.css	undefined
20230628	03:08:44	0fc66028-a015-42fb-af24-538439740eff	GET	/website/assets/images/hero_c.png	undefined
20230628	03:08:45	4308de3b-7438-4954-b892-8b438d3651c8	GET	/api	undefined
20230628	03:08:45	dd2f13aa-e9a5-4868-9df1-4fc930e422f0	GET	/webapp/assets/index-2666eb4d.js	http://localhost:3000
20230628	03:08:45	33861b1a-8df6-477f-a528-e4bcd5055217	GET	/webapp/assets/index-557ee4bf.css	undefined
20230628	03:08:47	7556e0d2-7c05-4644-828f-db57ed7646d4	GET	/api/courses	undefined
20230628	03:09:50	b0589d21-468a-4b77-9583-62116b2d7c4f	GET	/	undefined
20230628	03:09:50	9d12e900-ad6b-491a-9a26-64630691a734	GET	/website/main.js	http://localhost:3000
20230628	03:09:50	41b68983-6be1-4be2-85f9-72cd8a639726	GET	/website/landingPage/landing.css	undefined
20230628	03:09:50	8a484aa9-23ee-43bb-bc2a-2a3be6b1100c	GET	/website/assets/images/hero_c.png	undefined
20230628	03:09:51	1b67532b-d544-40c5-9d9e-9f5f9789f1b7	GET	/api	undefined
20230628	03:09:51	3104c0d5-8a89-402d-b49e-af47357c7a51	GET	/webapp/assets/index-2666eb4d.js	http://localhost:3000
20230628	03:09:51	215e376f-a436-4005-9f86-b238df98d20e	GET	/webapp/assets/index-557ee4bf.css	undefined
20230628	03:09:53	3cba01c5-77df-45ec-aafe-bed79b912254	GET	/api/courses	undefined
20230628	03:10:38	f5a25028-c1e7-49d3-b56f-4d0eb935c0a6	GET	/	undefined
20230628	03:10:38	2dabef05-ace6-4319-a6c1-2dd4a2ceed54	GET	/website/main.js	http://localhost:3000
20230628	03:10:38	6b333104-a0ed-44bb-96e6-02df5c3c422e	GET	/website/landingPage/landing.css	undefined
20230628	03:10:38	50c01ac4-c5b8-43e7-9e2e-bb84d0af70d7	GET	/website/assets/images/hero_c.png	undefined
20230628	03:10:40	a5dbec14-9ab1-49a2-bb12-bceef526f75f	GET	/api	undefined
20230628	03:10:40	ff37f53f-7647-443c-8189-ccee561aaa26	GET	/webapp/assets/index-2666eb4d.js	http://localhost:3000
20230628	03:10:40	bf649a2a-d22a-48ec-afd7-a960165dabdc	GET	/webapp/assets/index-557ee4bf.css	undefined
20230628	03:10:41	e7a9b035-7541-4d52-a35f-3dc35dcc3f07	GET	/api/courses	undefined
20230628	03:13:50	e04defab-89dd-4c3d-8122-897d9a474b29	GET	/api	undefined
20230628	03:13:50	31d3d4f2-ec70-4a87-af2d-fc52bbe964d5	GET	/webapp/assets/index-8175cd2a.js	http://localhost:3000
20230628	03:13:50	a939b4ad-7d00-43a2-8f9c-9e84685b22b7	GET	/webapp/assets/index-557ee4bf.css	undefined
20230628	03:13:50	e97abd31-2835-43f4-be46-b85de93ffee8	GET	/favicons/vd_favicon32.png	undefined
20230628	03:13:52	6950f8a3-6929-49d4-a48b-7417aa9789cc	GET	/api/courses	undefined
20230628	03:15:31	a23c6f1d-309a-4e0c-8fb4-56922624e8d0	GET	/api	undefined
20230628	03:15:31	424a4791-5a88-4739-82a5-d6fff450640f	GET	/webapp/assets/index-8175cd2a.js	http://localhost:3000
20230628	03:15:31	0b8c347d-5897-4f63-b1bf-16f927e40c40	GET	/webapp/assets/index-557ee4bf.css	undefined
20230628	03:15:31	7b656dc3-f741-4ebc-bf77-a8ca40651b35	GET	/favicons/vd_favicon32.png	undefined
20230628	03:15:32	6fa9dd40-0e2a-44e8-9d97-75e422fb88c0	GET	/api/courses	undefined
20230628	03:19:53	13d916a7-82ef-43b8-800c-2adf07481834	GET	/api	undefined
20230628	03:19:53	547a0116-c822-4e4b-ac1f-92cca32ac871	GET	/webapp/assets/index-b8f481a1.js	http://localhost:3000
20230628	03:19:53	21dbbe68-ea02-45dc-ad58-48fbeefbd4cb	GET	/webapp/assets/index-557ee4bf.css	undefined
20230628	03:19:53	3e014d5d-bcbf-4931-a2a0-e764b1bfb038	GET	/favicons/vd_favicon32.png	undefined
20230628	03:19:54	39cc7b35-625c-4373-b0a0-a0a634156280	GET	/api/courses	undefined
20230628	03:25:56	407294bc-15bd-4972-abb5-eada9f9d3d1f	GET	/api	undefined
20230628	03:25:56	fae67a98-ba09-4f1c-8b54-84e34d4eb79a	GET	/webapp/assets/index-7b7d5302.js	http://localhost:3000
20230628	03:25:56	40e14823-f17c-4383-aac7-36a56b82cd6c	GET	/webapp/assets/index-557ee4bf.css	undefined
20230628	03:25:56	e88dc766-256a-4b7e-b580-ddfc1d3435e9	GET	/favicons/vd_favicon32.png	undefined
20230628	03:25:58	09719ac9-59d5-49ad-8717-7f9877d9e5fe	GET	/api/courses	undefined
20230628	03:41:37	119a3562-1e00-4313-a96f-7c9b3c3a21c0	GET	/	undefined
20230628	03:41:37	6ed9df5e-7ada-4f42-973f-4360dd865cc6	GET	/website/main.js	http://localhost:3000
20230628	03:41:37	c029ee29-4462-4bcf-8776-b654a0c5ea53	GET	/website/landingPage/landing.css	undefined
20230628	03:41:37	123bf3cc-06b7-49e7-89a8-de97753dc712	GET	/website/assets/images/hero_c.png	undefined
20230628	03:41:38	4ece2bc6-6e9a-4ae1-ba00-aa66f777c584	GET	/api	undefined
20230628	03:41:38	c2760f3d-cc01-4166-aeb4-b463d6bd2d3f	GET	/webapp/assets/index-040acf73.js	http://localhost:3000
20230628	03:41:38	5513333a-ea74-4b97-94a3-e2863ba6f82e	GET	/webapp/assets/index-cad8e231.css	undefined
20230628	03:41:40	809607dc-c5a0-49bc-8363-07c68e1af515	GET	/api/courses	undefined
20230628	03:44:41	481e4c1d-2249-4590-be74-cc51e2a367cf	GET	/api	undefined
20230628	03:44:41	a813b305-ca03-40da-af25-059a799b10fb	GET	/webapp/assets/index-b0b31f24.js	http://localhost:3000
20230628	03:44:41	71f0d56a-ec6b-446a-a190-a03aa856d651	GET	/webapp/assets/index-9a39292f.css	undefined
20230628	03:44:41	e7ebbae1-4482-4b8c-9faf-59ab643ac42e	GET	/favicons/vd_favicon32.png	undefined
20230628	03:44:42	d80f4fe2-f3f1-48fc-a5a2-beabd34dc3d6	GET	/api/courses	undefined
20230628	03:45:52	f56196fd-0236-4074-8242-caf084dbcaae	GET	/api	undefined
20230628	03:45:52	31e36ae0-23ea-4ef3-bfe4-9cc49b85d15b	GET	/webapp/assets/index-e0fb4a93.js	http://localhost:3000
20230628	03:45:52	ca044a73-3d5c-4050-adf5-dcf06fc9fbcd	GET	/webapp/assets/index-557ee4bf.css	undefined
20230628	03:45:53	7a039a11-56ce-456a-943b-97e39f943eaf	GET	/favicons/vd_favicon32.png	undefined
20230628	03:45:54	008fbbf9-fe24-46f3-81ab-d6b85574775d	GET	/api/courses	undefined
